[1226/190148.063:ERROR:directory_reader_win.cc(43)] FindFirstFile: The system cannot find the path specified. (0x3)
[1226/231000.923:ERROR:directory_reader_win.cc(43)] FindFirstFile: The system cannot find the path specified. (0x3)
[1226/233938.903:ERROR:directory_reader_win.cc(43)] FindFirstFile: The system cannot find the path specified. (0x3)
[1227/012520.174:ERROR:directory_reader_win.cc(43)] FindFirstFile: The system cannot find the path specified. (0x3)
[1227/021020.842:ERROR:directory_reader_win.cc(43)] FindFirstFile: The system cannot find the path specified. (0x3)
[1227/121311.425:ERROR:directory_reader_win.cc(43)] FindFirstFile: The system cannot find the path specified. (0x3)
[1227/121321.135:ERROR:directory_reader_win.cc(43)] FindFirstFile: The system cannot find the path specified. (0x3)
[1227/135946.795:ERROR:directory_reader_win.cc(43)] FindFirstFile: The system cannot find the path specified. (0x3)
[1227/135955.941:ERROR:directory_reader_win.cc(43)] FindFirstFile: The system cannot find the path specified. (0x3)
[1227/162119.045:ERROR:filesystem_win.cc(129)] GetFileAttributes C:\Users\lenovo\AppData\Local\Temp\scoped_dir16920_1845737778\Crashpad\attachments\445221ff-0c74-4b01-af87-e2fe6d9e717a: The system cannot find the path specified. (0x3)
[1227/162306.441:ERROR:process_info.cc(359)] UncheckedAllocate
[1227/162306.939:ERROR:filesystem_win.cc(129)] GetFileAttributes C:\Users\lenovo\AppData\Local\Temp\scoped_dir14136_1726911440\Crashpad\attachments\61cd8b5f-6db4-41ea-9d46-1f0919cfbe37: The system cannot find the path specified. (0x3)
[1227/162307.059:ERROR:http_transport_win.cc(276)] WinHttpSendRequest: The operation completed successfully. (0x0)
[1227/173737.972:ERROR:directory_reader_win.cc(43)] FindFirstFile: The system cannot find the path specified. (0x3)
[1227/175243.344:ERROR:directory_reader_win.cc(43)] FindFirstFile: The system cannot find the path specified. (0x3)
[1227/180307.996:ERROR:directory_reader_win.cc(43)] FindFirstFile: The system cannot find the path specified. (0x3)
[1227/185829.474:ERROR:directory_reader_win.cc(43)] FindFirstFile: The system cannot find the path specified. (0x3)
[1227/195448.113:ERROR:directory_reader_win.cc(43)] FindFirstFile: The system cannot find the path specified. (0x3)
[1227/235316.648:ERROR:directory_reader_win.cc(43)] FindFirstFile: The system cannot find the path specified. (0x3)
[0101/143208.449:ERROR:directory_reader_win.cc(43)] FindFirstFile: The system cannot find the path specified. (0x3)
[0101/145252.696:ERROR:directory_reader_win.cc(43)] FindFirstFile: The system cannot find the path specified. (0x3)
[0102/164636.437:ERROR:directory_reader_win.cc(43)] FindFirstFile: The system cannot find the path specified. (0x3)
[0102/170849.987:ERROR:directory_reader_win.cc(43)] FindFirstFile: The system cannot find the path specified. (0x3)
[0102/182353.864:ERROR:directory_reader_win.cc(43)] FindFirstFile: The system cannot find the path specified. (0x3)
[0102/193350.463:ERROR:directory_reader_win.cc(43)] FindFirstFile: The system cannot find the path specified. (0x3)
[0103/015808.307:ERROR:directory_reader_win.cc(43)] FindFirstFile: The system cannot find the path specified. (0x3)
[0103/021339.590:ERROR:filesystem_win.cc(129)] GetFileAttributes C:\Users\lenovo\AppData\Local\Temp\scoped_dir17252_1180735831\Crashpad\attachments\2a482eb9-b8fa-473e-9fdd-aefaa14f605c: The system cannot find the path specified. (0x3)
[0103/021836.630:ERROR:filesystem_win.cc(129)] GetFileAttributes C:\Users\lenovo\AppData\Local\Temp\scoped_dir17776_1367904955\Crashpad\attachments\f7f3d81f-babb-4c99-9545-13b86fc3dd38: The system cannot find the path specified. (0x3)
[0103/023300.368:ERROR:filesystem_win.cc(129)] GetFileAttributes C:\Users\lenovo\AppData\Local\Temp\scoped_dir12400_869276220\Crashpad\attachments\ecccfbfe-115b-4ecd-a598-0cef2c57fc13: The system cannot find the path specified. (0x3)
[0103/023413.257:ERROR:process_info.cc(359)] UncheckedAllocate
[0103/023413.333:ERROR:filesystem_win.cc(129)] GetFileAttributes C:\Users\lenovo\AppData\Local\Temp\scoped_dir17060_807896753\Crashpad\attachments\fdbf93f4-71d9-461c-b8b8-b595057892dc: The system cannot find the path specified. (0x3)
[0103/023451.474:ERROR:scoped_process_suspend.cc(31)] NtSuspendProcess: An attempt was made to access an exiting process. (0xc000010a)
[0103/023451.474:ERROR:process_info.cc(118)] ReadProcessMemory bool __cdecl crashpad::(anonymous namespace)::ReadStruct(HANDLE, crashpad::WinVMAddress, T *) [T = crashpad::process_types::PEB<crashpad::process_types::internal::Traits64>]: Only part of a ReadProcessMemory or WriteProcessMemory request was completed. (0x12B)
[0103/023451.474:ERROR:process_info.cc(551)] ReadProcessData failed
[0103/023535.860:ERROR:process_info.cc(359)] UncheckedAllocate
[0103/023535.951:ERROR:filesystem_win.cc(129)] GetFileAttributes C:\Users\lenovo\AppData\Local\Temp\scoped_dir18588_724534070\Crashpad\attachments\6dee742e-e750-4d35-af54-3fec0d5793f5: The system cannot find the path specified. (0x3)
[0103/023827.486:ERROR:filesystem_win.cc(129)] GetFileAttributes C:\Users\lenovo\AppData\Local\Temp\scoped_dir15408_1536411269\Crashpad\attachments\095193d9-48cb-4f93-962d-6aa750932c87: The system cannot find the path specified. (0x3)
[0103/023923.575:ERROR:process_info.cc(359)] UncheckedAllocate
[0103/023923.639:ERROR:filesystem_win.cc(129)] GetFileAttributes C:\Users\lenovo\AppData\Local\Temp\scoped_dir15816_673616150\Crashpad\attachments\fe0dab43-eb17-4eb3-980e-855220899be2: The system cannot find the path specified. (0x3)
[0103/143947.112:ERROR:directory_reader_win.cc(43)] FindFirstFile: The system cannot find the path specified. (0x3)
[0103/171850.960:ERROR:directory_reader_win.cc(43)] FindFirstFile: The system cannot find the path specified. (0x3)
[0103/181316.568:ERROR:directory_reader_win.cc(43)] FindFirstFile: The system cannot find the path specified. (0x3)
[0103/182051.679:ERROR:directory_reader_win.cc(43)] FindFirstFile: The system cannot find the path specified. (0x3)
[0103/190938.111:ERROR:directory_reader_win.cc(43)] FindFirstFile: The system cannot find the path specified. (0x3)
[0103/192517.332:ERROR:directory_reader_win.cc(43)] FindFirstFile: The system cannot find the path specified. (0x3)
[0103/194803.617:ERROR:process_info.cc(359)] UncheckedAllocate
[0103/194803.632:ERROR:process_info.cc(359)] UncheckedAllocate
[0103/194803.739:ERROR:filesystem_win.cc(129)] GetFileAttributes C:\Users\lenovo\AppData\Local\Temp\scoped_dir16656_142689081\Crashpad\attachments\fde03815-96d9-4441-be4b-e14a380aa4a9: The system cannot find the path specified. (0x3)
[0103/194803.962:ERROR:http_transport_win.cc(276)] WinHttpSendRequest: The operation completed successfully. (0x0)
[0103/194804.023:ERROR:filesystem_win.cc(148)] DeleteFile C:\Users\lenovo\AppData\Local\Temp\scoped_dir16656_142689081\Crashpad\reports\bb1272ab-cf45-4ca7-ac29-b66ebaa962d7.dmp: The process cannot access the file because it is being used by another process. (0x20)
[0103/194832.163:ERROR:directory_reader_win.cc(43)] FindFirstFile: The system cannot find the path specified. (0x3)
[0103/214639.986:ERROR:process_info.cc(359)] UncheckedAllocate
[0103/214640.344:ERROR:filesystem_win.cc(129)] GetFileAttributes C:\Users\lenovo\AppData\Local\Temp\scoped_dir19520_1784239989\Crashpad\attachments\377b74e1-29eb-4369-bd64-df0a2473a8af: The system cannot find the path specified. (0x3)
[0103/220757.509:ERROR:process_info.cc(359)] UncheckedAllocate
[0103/220757.677:ERROR:filesystem_win.cc(129)] GetFileAttributes C:\Users\lenovo\AppData\Local\Temp\scoped_dir11480_527658619\Crashpad\attachments\fccd60e1-708d-4a99-8ed0-22c2ff0bc13d: The system cannot find the path specified. (0x3)
[0103/220805.355:ERROR:process_info.cc(359)] UncheckedAllocate
[0103/221556.217:ERROR:process_info.cc(359)] UncheckedAllocate
[0103/221556.319:ERROR:filesystem_win.cc(129)] GetFileAttributes C:\Users\lenovo\AppData\Local\Temp\scoped_dir18684_347682509\Crashpad\attachments\0d65b135-2c30-48f0-b118-522f8f6aaf22: The system cannot find the path specified. (0x3)
[0103/221712.412:ERROR:http_transport_win.cc(349)] WinHttpWriteData: The operation completed successfully. (0x0)
[0103/222358.364:ERROR:process_info.cc(359)] UncheckedAllocate
[0103/222358.550:ERROR:process_info.cc(359)] UncheckedAllocate
[0103/222358.558:ERROR:filesystem_win.cc(129)] GetFileAttributes C:\Users\lenovo\AppData\Local\Temp\scoped_dir6812_1106288989\Crashpad\attachments\687f3953-5f51-4ce2-96df-1c2ce5d0d1af: The system cannot find the path specified. (0x3)
[0103/223528.787:ERROR:filesystem_win.cc(129)] GetFileAttributes C:\Users\lenovo\AppData\Local\Temp\scoped_dir19564_97148179\Crashpad\attachments\4f5fb5f5-87f3-4fac-80ad-e1954c72cc3b: The system cannot find the path specified. (0x3)
[0108/003337.750:ERROR:directory_reader_win.cc(43)] FindFirstFile: The system cannot find the path specified. (0x3)
[0109/152423.349:ERROR:directory_reader_win.cc(43)] FindFirstFile: The system cannot find the path specified. (0x3)
[0109/153523.867:ERROR:directory_reader_win.cc(43)] FindFirstFile: The system cannot find the path specified. (0x3)
[0114/014851.557:ERROR:directory_reader_win.cc(43)] FindFirstFile: The system cannot find the path specified. (0x3)
[0114/231744.460:ERROR:directory_reader_win.cc(43)] FindFirstFile: The system cannot find the path specified. (0x3)
[0114/233847.715:ERROR:directory_reader_win.cc(43)] FindFirstFile: The system cannot find the path specified. (0x3)
[0116/180828.692:ERROR:directory_reader_win.cc(43)] FindFirstFile: The system cannot find the path specified. (0x3)
[0116/182254.636:ERROR:directory_reader_win.cc(43)] FindFirstFile: The system cannot find the path specified. (0x3)
[0116/182728.781:ERROR:directory_reader_win.cc(43)] FindFirstFile: The system cannot find the path specified. (0x3)
[0116/190633.245:ERROR:directory_reader_win.cc(43)] FindFirstFile: The system cannot find the path specified. (0x3)
[0116/213235.839:ERROR:directory_reader_win.cc(43)] FindFirstFile: The system cannot find the path specified. (0x3)
[0116/220456.467:ERROR:directory_reader_win.cc(43)] FindFirstFile: The system cannot find the path specified. (0x3)
[0116/230544.089:ERROR:directory_reader_win.cc(43)] FindFirstFile: The system cannot find the path specified. (0x3)
[0116/232334.079:ERROR:directory_reader_win.cc(43)] FindFirstFile: The system cannot find the path specified. (0x3)
[0116/233901.077:ERROR:directory_reader_win.cc(43)] FindFirstFile: The system cannot find the path specified. (0x3)
[0117/003532.087:ERROR:directory_reader_win.cc(43)] FindFirstFile: The system cannot find the path specified. (0x3)
[0118/003430.575:ERROR:directory_reader_win.cc(43)] FindFirstFile: The system cannot find the path specified. (0x3)
[0118/004124.853:ERROR:directory_reader_win.cc(43)] FindFirstFile: The system cannot find the path specified. (0x3)
[0118/005421.882:ERROR:directory_reader_win.cc(43)] FindFirstFile: The system cannot find the path specified. (0x3)
[0122/230304.244:ERROR:directory_reader_win.cc(43)] FindFirstFile: The system cannot find the path specified. (0x3)
[0122/235609.477:ERROR:directory_reader_win.cc(43)] FindFirstFile: The system cannot find the path specified. (0x3)
[0123/005830.457:ERROR:directory_reader_win.cc(43)] FindFirstFile: The system cannot find the path specified. (0x3)
[0123/011147.140:ERROR:directory_reader_win.cc(43)] FindFirstFile: The system cannot find the path specified. (0x3)
[0123/015414.665:ERROR:directory_reader_win.cc(43)] FindFirstFile: The system cannot find the path specified. (0x3)
