#
# There is insufficient memory for the Java Runtime Environment to continue.
# Native memory allocation (malloc) failed to allocate 48720 bytes for Chunk::new
# Possible reasons:
#   The system is out of physical RAM or swap space
#   The process is running with CompressedOops enabled, and the Java Heap may be blocking the growth of the native heap
# Possible solutions:
#   Reduce memory load on the system
#   Increase physical memory or swap space
#   Check if swap backing store is full
#   Decrease Java heap size (-Xmx/-Xms)
#   Decrease number of Java threads
#   Decrease Java thread stack sizes (-Xss)
#   Set larger code cache with -XX:ReservedCodeCacheSize=
#   JVM is running with Unscaled Compressed Oops mode in which the Java heap is
#     placed in the first 4GB address space. The Java Heap base address is the
#     maximum limit for the native heap growth. Please use -XX:HeapBaseMinAddress
#     to set the Java Heap base and to place the Java Heap above 4GB virtual address.
# This output file may be truncated or incomplete.
#
#  Out of Memory Error (t:/workspace/open/src/hotspot/share/memory/arena.cpp:196), pid=18868, tid=21384
#
# JRE version: Java(TM) SE Runtime Environment (13.0.2+8) (build 13.0.2+8)
# Java VM: Java HotSpot(TM) 64-Bit Server VM (13.0.2+8, mixed mode, sharing, tiered, compressed oops, g1 gc, windows-amd64)
# No core dump will be written. Minidumps are not enabled by default on client versions of Windows
#

---------------  S U M M A R Y ------------

Command Line: -agentlib:jdwp=transport=dt_socket,suspend=y,address=localhost:59481 -javaagent:C:\Users\lenovo\eclipse\java-2020-06\eclipse\configuration\org.eclipse.osgi\222\0\.cp\lib\javaagent-shaded.jar -Dfile.encoding=Cp1252 salesforce.CreateAccounts

Host: AMD PRO A4-4350B R4, 5 COMPUTE CORES 2C+3G     , 2 cores, 3G,  Windows 10 , 64 bit Build 18362 (10.0.18362.1110)
Time: Sun Dec 27 16:22:00 2020 India Standard Time elapsed time: 14 seconds (0d 0h 0m 14s)

---------------  T H R E A D  ---------------

Current thread (0x0000012aff54f800):  JavaThread "C1 CompilerThread0" daemon [_thread_in_native, id=21384, stack(0x000000062c200000,0x000000062c300000)]


Current CompileTask:
C1:  14130  651       3       java.net.URLStreamHandler::parseURL (1201 bytes)

Stack: [0x000000062c200000,0x000000062c300000]
Native frames: (J=compiled Java code, j=interpreted, Vv=VM code, C=native code)
V  [jvm.dll+0x624f9a]
V  [jvm.dll+0x770cfa]
V  [jvm.dll+0x7724af]
V  [jvm.dll+0x772ab3]
V  [jvm.dll+0x24bf08]
V  [jvm.dll+0xc1e47]
V  [jvm.dll+0xc23cc]
V  [jvm.dll+0x171829]
V  [jvm.dll+0x1703fb]
V  [jvm.dll+0x12a165]
V  [jvm.dll+0x1299df]
V  [jvm.dll+0x129c0f]
V  [jvm.dll+0x128ea7]
V  [jvm.dll+0x12adc7]
V  [jvm.dll+0x213e6d]
V  [jvm.dll+0x2120bb]
V  [jvm.dll+0x736bb6]
V  [jvm.dll+0x72fcaa]
V  [jvm.dll+0x623ea6]
C  [ucrtbase.dll+0x210b2]
C  [KERNEL32.DLL+0x17c24]
C  [ntdll.dll+0x6d4d1]


---------------  P R O C E S S  ---------------

Threads class SMR info:
_java_thread_list=0x0000012a8f8a9e50, length=13, elements={
0x0000012af2b9b000, 0x0000012aff4bc000, 0x0000012aff4ca000, 0x0000012aff4dd800,
0x0000012aff4df800, 0x0000012aff4e0800, 0x0000012aff54f800, 0x0000012aff555000,
0x0000012af2c4d800, 0x0000012a8f14c000, 0x0000012a8f184000, 0x0000012a8f185000,
0x0000012a8f96e000
}

Java Threads: ( => current thread )
  0x0000012af2b9b000 JavaThread "main" [_thread_in_vm, id=20572, stack(0x000000062b600000,0x000000062b700000)]
  0x0000012aff4bc000 JavaThread "Reference Handler" daemon [_thread_blocked, id=19864, stack(0x000000062bd00000,0x000000062be00000)]
  0x0000012aff4ca000 JavaThread "Finalizer" daemon [_thread_blocked, id=18504, stack(0x000000062be00000,0x000000062bf00000)]
  0x0000012aff4dd800 JavaThread "Signal Dispatcher" daemon [_thread_blocked, id=21228, stack(0x000000062bf00000,0x000000062c000000)]
  0x0000012aff4df800 JavaThread "Attach Listener" daemon [_thread_blocked, id=19332, stack(0x000000062c000000,0x000000062c100000)]
  0x0000012aff4e0800 JavaThread "C2 CompilerThread0" daemon [_thread_in_native, id=21312, stack(0x000000062c100000,0x000000062c200000)]
=>0x0000012aff54f800 JavaThread "C1 CompilerThread0" daemon [_thread_in_native, id=21384, stack(0x000000062c200000,0x000000062c300000)]
  0x0000012aff555000 JavaThread "Sweeper thread" daemon [_thread_blocked, id=20904, stack(0x000000062c300000,0x000000062c400000)]
  0x0000012af2c4d800 JavaThread "Common-Cleaner" daemon [_thread_blocked, id=20944, stack(0x000000062c400000,0x000000062c500000)]
  0x0000012a8f14c000 JavaThread "JDWP Transport Listener: dt_socket" daemon [_thread_blocked, id=15596, stack(0x000000062c500000,0x000000062c600000)]
  0x0000012a8f184000 JavaThread "JDWP Event Helper Thread" daemon [_thread_blocked, id=6856, stack(0x000000062c600000,0x000000062c700000)]
  0x0000012a8f185000 JavaThread "JDWP Command Reader" daemon [_thread_in_native, id=18160, stack(0x000000062c700000,0x000000062c800000)]
  0x0000012a8f96e000 JavaThread "Service Thread" daemon [_thread_blocked, id=14720, stack(0x000000062c900000,0x000000062ca00000)]

Other Threads:
  0x0000012af2c5e800 VMThread "VM Thread" [stack: 0x000000062bc00000,0x000000062bd00000] [id=17084]
  0x0000012a8f96f000 WatcherThread [stack: 0x000000062ca00000,0x000000062cb00000] [id=5948]
  0x0000012af2bca000 GCTaskThread "GC Thread#0" [stack: 0x000000062b700000,0x000000062b800000] [id=7612]
  0x0000012a8f3fe000 GCTaskThread "GC Thread#1" [stack: 0x000000062c800000,0x000000062c900000] [id=20204]
  0x0000012af2bd4000 ConcurrentGCThread "G1 Main Marker" [stack: 0x000000062b800000,0x000000062b900000] [id=18384]
  0x0000012af2bd6000 ConcurrentGCThread "G1 Conc#0" [stack: 0x000000062b900000,0x000000062ba00000] [id=14520]
  0x0000012af2c13000 ConcurrentGCThread "G1 Refine#0" [stack: 0x000000062ba00000,0x000000062bb00000] [id=17784]
  0x0000012af2c15800 ConcurrentGCThread "G1 Young RemSet Sampling" [stack: 0x000000062bb00000,0x000000062bc00000] [id=16884]

Threads with active compile tasks:
C2 CompilerThread0    14375  653       4       org.eclipse.jdt.launching.internal.org.objectweb.asm.Symbol::<init> (38 bytes)
C1 CompilerThread0    14375  651       3       java.net.URLStreamHandler::parseURL (1201 bytes)

VM state:not at safepoint (normal execution)

VM Mutex/Monitor currently owned by a thread: None

Heap address: 0x00000000c2800000, size: 984 MB, Compressed Oops mode: 32-bit
Narrow klass base: 0x0000000800000000, Narrow klass shift: 3
Compressed class space size: 1073741824 Address: 0x0000000800b40000

Heap:
 garbage-first heap   total 63488K, used 8931K [0x00000000c2800000, 0x0000000100000000)
  region size 1024K, 6 young (6144K), 1 survivors (1024K)
 Metaspace       used 3355K, capacity 5261K, committed 5376K, reserved 1056768K
  class space    used 288K, capacity 475K, committed 512K, reserved 1048576K
Heap Regions: E=young(eden), S=young(survivor), O=old, HS=humongous(starts), HC=humongous(continues), CS=collection set, F=free, A=archive, TAMS=top-at-mark-start (previous, next)
|   0|0x00000000c2800000, 0x00000000c2900000, 0x00000000c2900000|100%|HS|  |TAMS 0x00000000c2800000, 0x00000000c2800000| Complete 
|   1|0x00000000c2900000, 0x00000000c2a00000, 0x00000000c2a00000|100%| O|  |TAMS 0x00000000c2900000, 0x00000000c2900000| Untracked 
|   2|0x00000000c2a00000, 0x00000000c2b00000, 0x00000000c2b00000|100%| O|  |TAMS 0x00000000c2a00000, 0x00000000c2a00000| Untracked 
|   3|0x00000000c2b00000, 0x00000000c2c00000, 0x00000000c2c00000|100%| O|  |TAMS 0x00000000c2b00000, 0x00000000c2b00000| Untracked 
|   4|0x00000000c2c00000, 0x00000000c2d00000, 0x00000000c2d00000|100%| O|  |TAMS 0x00000000c2c00000, 0x00000000c2c00000| Untracked 
|   5|0x00000000c2d00000, 0x00000000c2d76600, 0x00000000c2e00000| 46%| O|  |TAMS 0x00000000c2d00000, 0x00000000c2d00000| Untracked 
|   6|0x00000000c2e00000, 0x00000000c2e00000, 0x00000000c2f00000|  0%| F|  |TAMS 0x00000000c2e00000, 0x00000000c2e00000| Untracked 
|   7|0x00000000c2f00000, 0x00000000c2f00000, 0x00000000c3000000|  0%| F|  |TAMS 0x00000000c2f00000, 0x00000000c2f00000| Untracked 
|   8|0x00000000c3000000, 0x00000000c3000000, 0x00000000c3100000|  0%| F|  |TAMS 0x00000000c3000000, 0x00000000c3000000| Untracked 
|   9|0x00000000c3100000, 0x00000000c3100000, 0x00000000c3200000|  0%| F|  |TAMS 0x00000000c3100000, 0x00000000c3100000| Untracked 
|  10|0x00000000c3200000, 0x00000000c3200000, 0x00000000c3300000|  0%| F|  |TAMS 0x00000000c3200000, 0x00000000c3200000| Untracked 
|  11|0x00000000c3300000, 0x00000000c3300000, 0x00000000c3400000|  0%| F|  |TAMS 0x00000000c3300000, 0x00000000c3300000| Untracked 
|  12|0x00000000c3400000, 0x00000000c3400000, 0x00000000c3500000|  0%| F|  |TAMS 0x00000000c3400000, 0x00000000c3400000| Untracked 
|  13|0x00000000c3500000, 0x00000000c3500000, 0x00000000c3600000|  0%| F|  |TAMS 0x00000000c3500000, 0x00000000c3500000| Untracked 
|  14|0x00000000c3600000, 0x00000000c3600000, 0x00000000c3700000|  0%| F|  |TAMS 0x00000000c3600000, 0x00000000c3600000| Untracked 
|  15|0x00000000c3700000, 0x00000000c3700000, 0x00000000c3800000|  0%| F|  |TAMS 0x00000000c3700000, 0x00000000c3700000| Untracked 
|  16|0x00000000c3800000, 0x00000000c3800000, 0x00000000c3900000|  0%| F|  |TAMS 0x00000000c3800000, 0x00000000c3800000| Untracked 
|  17|0x00000000c3900000, 0x00000000c3900000, 0x00000000c3a00000|  0%| F|  |TAMS 0x00000000c3900000, 0x00000000c3900000| Untracked 
|  18|0x00000000c3a00000, 0x00000000c3a00000, 0x00000000c3b00000|  0%| F|  |TAMS 0x00000000c3a00000, 0x00000000c3a00000| Untracked 
|  19|0x00000000c3b00000, 0x00000000c3b00000, 0x00000000c3c00000|  0%| F|  |TAMS 0x00000000c3b00000, 0x00000000c3b00000| Untracked 
|  20|0x00000000c3c00000, 0x00000000c3c00000, 0x00000000c3d00000|  0%| F|  |TAMS 0x00000000c3c00000, 0x00000000c3c00000| Untracked 
|  21|0x00000000c3d00000, 0x00000000c3d00000, 0x00000000c3e00000|  0%| F|  |TAMS 0x00000000c3d00000, 0x00000000c3d00000| Untracked 
|  22|0x00000000c3e00000, 0x00000000c3e00000, 0x00000000c3f00000|  0%| F|  |TAMS 0x00000000c3e00000, 0x00000000c3e00000| Untracked 
|  23|0x00000000c3f00000, 0x00000000c3f00000, 0x00000000c4000000|  0%| F|  |TAMS 0x00000000c3f00000, 0x00000000c3f00000| Untracked 
|  24|0x00000000c4000000, 0x00000000c4000000, 0x00000000c4100000|  0%| F|  |TAMS 0x00000000c4000000, 0x00000000c4000000| Untracked 
|  25|0x00000000c4100000, 0x00000000c4100000, 0x00000000c4200000|  0%| F|  |TAMS 0x00000000c4100000, 0x00000000c4100000| Untracked 
|  26|0x00000000c4200000, 0x00000000c4200000, 0x00000000c4300000|  0%| F|  |TAMS 0x00000000c4200000, 0x00000000c4200000| Untracked 
|  27|0x00000000c4300000, 0x00000000c4300000, 0x00000000c4400000|  0%| F|  |TAMS 0x00000000c4300000, 0x00000000c4300000| Untracked 
|  28|0x00000000c4400000, 0x00000000c4400000, 0x00000000c4500000|  0%| F|  |TAMS 0x00000000c4400000, 0x00000000c4400000| Untracked 
|  29|0x00000000c4500000, 0x00000000c4500000, 0x00000000c4600000|  0%| F|  |TAMS 0x00000000c4500000, 0x00000000c4500000| Untracked 
|  30|0x00000000c4600000, 0x00000000c4600000, 0x00000000c4700000|  0%| F|  |TAMS 0x00000000c4600000, 0x00000000c4600000| Untracked 
|  31|0x00000000c4700000, 0x00000000c4700000, 0x00000000c4800000|  0%| F|  |TAMS 0x00000000c4700000, 0x00000000c4700000| Untracked 
|  32|0x00000000c4800000, 0x00000000c4800000, 0x00000000c4900000|  0%| F|  |TAMS 0x00000000c4800000, 0x00000000c4800000| Untracked 
|  33|0x00000000c4900000, 0x00000000c4900000, 0x00000000c4a00000|  0%| F|  |TAMS 0x00000000c4900000, 0x00000000c4900000| Untracked 
|  34|0x00000000c4a00000, 0x00000000c4a00000, 0x00000000c4b00000|  0%| F|  |TAMS 0x00000000c4a00000, 0x00000000c4a00000| Untracked 
|  35|0x00000000c4b00000, 0x00000000c4b00000, 0x00000000c4c00000|  0%| F|  |TAMS 0x00000000c4b00000, 0x00000000c4b00000| Untracked 
|  36|0x00000000c4c00000, 0x00000000c4c00000, 0x00000000c4d00000|  0%| F|  |TAMS 0x00000000c4c00000, 0x00000000c4c00000| Untracked 
|  37|0x00000000c4d00000, 0x00000000c4d00000, 0x00000000c4e00000|  0%| F|  |TAMS 0x00000000c4d00000, 0x00000000c4d00000| Untracked 
|  38|0x00000000c4e00000, 0x00000000c4e00000, 0x00000000c4f00000|  0%| F|  |TAMS 0x00000000c4e00000, 0x00000000c4e00000| Untracked 
|  39|0x00000000c4f00000, 0x00000000c4f00000, 0x00000000c5000000|  0%| F|  |TAMS 0x00000000c4f00000, 0x00000000c4f00000| Untracked 
|  40|0x00000000c5000000, 0x00000000c5000000, 0x00000000c5100000|  0%| F|  |TAMS 0x00000000c5000000, 0x00000000c5000000| Untracked 
|  41|0x00000000c5100000, 0x00000000c5100000, 0x00000000c5200000|  0%| F|  |TAMS 0x00000000c5100000, 0x00000000c5100000| Untracked 
|  42|0x00000000c5200000, 0x00000000c5200000, 0x00000000c5300000|  0%| F|  |TAMS 0x00000000c5200000, 0x00000000c5200000| Untracked 
|  43|0x00000000c5300000, 0x00000000c5300000, 0x00000000c5400000|  0%| F|  |TAMS 0x00000000c5300000, 0x00000000c5300000| Untracked 
|  44|0x00000000c5400000, 0x00000000c5400000, 0x00000000c5500000|  0%| F|  |TAMS 0x00000000c5400000, 0x00000000c5400000| Untracked 
|  45|0x00000000c5500000, 0x00000000c5500000, 0x00000000c5600000|  0%| F|  |TAMS 0x00000000c5500000, 0x00000000c5500000| Untracked 
|  46|0x00000000c5600000, 0x00000000c5600000, 0x00000000c5700000|  0%| F|  |TAMS 0x00000000c5600000, 0x00000000c5600000| Untracked 
|  47|0x00000000c5700000, 0x00000000c5700000, 0x00000000c5800000|  0%| F|  |TAMS 0x00000000c5700000, 0x00000000c5700000| Untracked 
|  48|0x00000000c5800000, 0x00000000c5800000, 0x00000000c5900000|  0%| F|  |TAMS 0x00000000c5800000, 0x00000000c5800000| Untracked 
|  49|0x00000000c5900000, 0x00000000c5900000, 0x00000000c5a00000|  0%| F|  |TAMS 0x00000000c5900000, 0x00000000c5900000| Untracked 
|  50|0x00000000c5a00000, 0x00000000c5a00000, 0x00000000c5b00000|  0%| F|  |TAMS 0x00000000c5a00000, 0x00000000c5a00000| Untracked 
|  51|0x00000000c5b00000, 0x00000000c5b00000, 0x00000000c5c00000|  0%| F|  |TAMS 0x00000000c5b00000, 0x00000000c5b00000| Untracked 
|  52|0x00000000c5c00000, 0x00000000c5c00000, 0x00000000c5d00000|  0%| F|  |TAMS 0x00000000c5c00000, 0x00000000c5c00000| Untracked 
|  53|0x00000000c5d00000, 0x00000000c5d00000, 0x00000000c5e00000|  0%| F|  |TAMS 0x00000000c5d00000, 0x00000000c5d00000| Untracked 
|  54|0x00000000c5e00000, 0x00000000c5e00000, 0x00000000c5f00000|  0%| F|  |TAMS 0x00000000c5e00000, 0x00000000c5e00000| Untracked 
|  55|0x00000000c5f00000, 0x00000000c5f00000, 0x00000000c6000000|  0%| F|  |TAMS 0x00000000c5f00000, 0x00000000c5f00000| Untracked 
|  56|0x00000000c6000000, 0x00000000c60f71a8, 0x00000000c6100000| 96%| E|  |TAMS 0x00000000c6000000, 0x00000000c6000000| Complete 
|  57|0x00000000c6100000, 0x00000000c6200000, 0x00000000c6200000|100%| E|  |TAMS 0x00000000c6100000, 0x00000000c6100000| Complete 
|  58|0x00000000c6200000, 0x00000000c6242880, 0x00000000c6300000| 25%| S|CS|TAMS 0x00000000c6200000, 0x00000000c6200000| Complete 
|  59|0x00000000c6300000, 0x00000000c6400000, 0x00000000c6400000|100%| E|CS|TAMS 0x00000000c6300000, 0x00000000c6300000| Complete 
|  60|0x00000000c6400000, 0x00000000c6500000, 0x00000000c6500000|100%| E|CS|TAMS 0x00000000c6400000, 0x00000000c6400000| Complete 
|  61|0x00000000c6500000, 0x00000000c6600000, 0x00000000c6600000|100%| E|CS|TAMS 0x00000000c6500000, 0x00000000c6500000| Complete 

Card table byte_map: [0x0000012af2950000,0x0000012af2b40000] _byte_map_base: 0x0000012af233c000

Marking Bits (Prev, Next): (CMBitMap*) 0x0000012af2bcbc88, (CMBitMap*) 0x0000012af2bcbcc8
 Prev Bits: [0x0000012afb280000, 0x0000012afc1e0000)
 Next Bits: [0x0000012afc1e0000, 0x0000012afd140000)

Polling page: 0x0000012af0ac0000

Metaspace:

Usage:
  Non-class:      4.67 MB capacity,     3.00 MB ( 64%) used,     1.68 MB ( 36%) free+waste,     3.06 KB ( <1%) overhead. 
      Class:    475.00 KB capacity,   288.16 KB ( 61%) used,   185.21 KB ( 39%) free+waste,     1.63 KB ( <1%) overhead. 
       Both:      5.14 MB capacity,     3.28 MB ( 64%) used,     1.86 MB ( 36%) free+waste,     4.69 KB ( <1%) overhead. 

Virtual space:
  Non-class space:        8.00 MB reserved,       4.75 MB ( 59%) committed 
      Class space:        1.00 GB reserved,     512.00 KB ( <1%) committed 
             Both:        1.01 GB reserved,       5.25 MB ( <1%) committed 

Chunk freelists:
   Non-Class:  14.00 KB
       Class:  5.00 KB
        Both:  19.00 KB

MaxMetaspaceSize: 17179869184.00 GB
CompressedClassSpaceSize: 1.00 GB

CodeHeap 'non-profiled nmethods': size=120064Kb used=243Kb max_used=243Kb free=119820Kb
 bounds [0x0000012a87ac0000, 0x0000012a87d30000, 0x0000012a8f000000]
CodeHeap 'profiled nmethods': size=120000Kb used=1144Kb max_used=1144Kb free=118856Kb
 bounds [0x0000012a80590000, 0x0000012a80800000, 0x0000012a87ac0000]
CodeHeap 'non-nmethods': size=5696Kb used=1234Kb max_used=1235Kb free=4462Kb
 bounds [0x0000012a80000000, 0x0000012a80270000, 0x0000012a80590000]
 total_blobs=1521 nmethods=646 adapters=312
 compilation: enabled
              stopped_count=0, restarted_count=0
 full_count=0

Compilation events (20 events):
Event: 13.980 Thread 0x0000012aff54f800  641       3       org.eclipse.jdt.launching.internal.org.objectweb.asm.MethodVisitor::<init> (88 bytes)
Event: 13.981 Thread 0x0000012aff54f800 nmethod 641 0x0000012a806a5610 code [0x0000012a806a58a0, 0x0000012a806a6490]
Event: 13.994 Thread 0x0000012aff4e0800 nmethod 642% 0x0000012a87afa710 code [0x0000012a87afa8c0, 0x0000012a87afb1d8]
Event: 13.996 Thread 0x0000012aff4e0800  643       4       java.lang.StringLatin1::indexOf (121 bytes)
Event: 14.001 Thread 0x0000012aff54f800  644       3       org.eclipse.jdt.launching.internal.org.objectweb.asm.MethodWriter::canCopyMethodAttributes (163 bytes)
Event: 14.002 Thread 0x0000012aff54f800 nmethod 644 0x0000012a806a6810 code [0x0000012a806a6a00, 0x0000012a806a71d8]
Event: 14.002 Thread 0x0000012aff54f800  645       3       org.eclipse.jdt.launching.internal.org.objectweb.asm.MethodWriter::computeMethodInfoSize (571 bytes)
Event: 14.005 Thread 0x0000012aff54f800 nmethod 645 0x0000012a806a7490 code [0x0000012a806a77e0, 0x0000012a806a8890]
Event: 14.015 Thread 0x0000012aff4e0800 nmethod 643 0x0000012a87afb590 code [0x0000012a87afb720, 0x0000012a87afbc18]
Event: 14.021 Thread 0x0000012aff54f800  646       3       org.eclipse.jdt.launching.internal.org.objectweb.asm.ByteVector::putInt (74 bytes)
Event: 14.021 Thread 0x0000012aff54f800 nmethod 646 0x0000012a806a9090 code [0x0000012a806a9240, 0x0000012a806a9530]
Event: 14.021 Thread 0x0000012aff54f800  647       3       org.eclipse.jdt.launching.internal.org.objectweb.asm.MethodWriter::hasFrames (13 bytes)
Event: 14.021 Thread 0x0000012aff54f800 nmethod 647 0x0000012a806a9710 code [0x0000012a806a98c0, 0x0000012a806a9a98]
Event: 14.022 Thread 0x0000012aff54f800  648       3       org.eclipse.jdt.launching.internal.org.objectweb.asm.MethodWriter::putMethodInfo (1274 bytes)
Event: 14.024 Thread 0x0000012aff4e0800  649       4       java.lang.AbstractStringBuilder::append (55 bytes)
Event: 14.031 Thread 0x0000012aff54f800 nmethod 648 0x0000012a806a9b10 code [0x0000012a806aa1e0, 0x0000012a806acb70]
Event: 14.040 Thread 0x0000012aff4e0800 nmethod 649 0x0000012a87afbf10 code [0x0000012a87afc0c0, 0x0000012a87afc8e8]
Event: 14.040 Thread 0x0000012aff4e0800  650       4       java.lang.ThreadLocal::getMap (5 bytes)
Event: 14.041 Thread 0x0000012aff4e0800 nmethod 650 0x0000012a87afcc90 code [0x0000012a87afce20, 0x0000012a87afced8]
Event: 14.043 Thread 0x0000012aff54f800  651       3       java.net.URLStreamHandler::parseURL (1201 bytes)

GC Heap History (4 events):
Event: 11.202 GC heap before
{Heap before GC invocations=0 (full 0):
 garbage-first heap   total 63488K, used 7168K [0x00000000c2800000, 0x0000000100000000)
  region size 1024K, 7 young (7168K), 0 survivors (0K)
 Metaspace       used 1690K, capacity 4525K, committed 4864K, reserved 1056768K
  class space    used 144K, capacity 400K, committed 512K, reserved 1048576K
}
Event: 11.231 GC heap after
{Heap after GC invocations=1 (full 0):
 garbage-first heap   total 63488K, used 5587K [0x00000000c2800000, 0x0000000100000000)
  region size 1024K, 1 young (1024K), 1 survivors (1024K)
 Metaspace       used 1690K, capacity 4525K, committed 4864K, reserved 1056768K
  class space    used 144K, capacity 400K, committed 512K, reserved 1048576K
}
Event: 13.504 GC heap before
{Heap before GC invocations=1 (full 0):
 garbage-first heap   total 63488K, used 8659K [0x00000000c2800000, 0x0000000100000000)
  region size 1024K, 4 young (4096K), 1 survivors (1024K)
 Metaspace       used 2780K, capacity 4781K, committed 4864K, reserved 1056768K
  class space    used 246K, capacity 443K, committed 512K, reserved 1048576K
}
Event: 13.509 GC heap after
{Heap after GC invocations=2 (full 0):
 garbage-first heap   total 63488K, used 5859K [0x00000000c2800000, 0x0000000100000000)
  region size 1024K, 1 young (1024K), 1 survivors (1024K)
 Metaspace       used 2780K, capacity 4781K, committed 4864K, reserved 1056768K
  class space    used 246K, capacity 443K, committed 512K, reserved 1048576K
}

Deoptimization events (20 events):
Event: 13.094 Thread 0x0000012af2b9b000 Uncommon trap: trap_request=0xffffff45 fr.pc=0x0000012a87ac1508 relative=0x00000000000000e8
Event: 13.094 Thread 0x0000012af2b9b000 Uncommon trap: reason=unstable_if action=reinterpret pc=0x0000012a87ac1508 method=java.lang.String.isLatin1()Z @ 10 c2
Event: 13.094 Thread 0x0000012af2b9b000 DEOPT PACKING pc=0x0000012a87ac1508 sp=0x000000062b6ff140
Event: 13.094 Thread 0x0000012af2b9b000 DEOPT UNPACKING pc=0x0000012a8004942f sp=0x000000062b6ff090 mode 2
Event: 13.129 Thread 0x0000012af2b9b000 DEOPT PACKING pc=0x0000012a80640eec sp=0x000000062b6fbc80
Event: 13.129 Thread 0x0000012af2b9b000 DEOPT UNPACKING pc=0x0000012a8004994e sp=0x000000062b6fb148 mode 0
Event: 13.129 Thread 0x0000012af2b9b000 DEOPT PACKING pc=0x0000012a80640eec sp=0x000000062b6fbc80
Event: 13.129 Thread 0x0000012af2b9b000 DEOPT UNPACKING pc=0x0000012a8004994e sp=0x000000062b6fb148 mode 0
Event: 13.131 Thread 0x0000012af2b9b000 DEOPT PACKING pc=0x0000012a80640eec sp=0x000000062b6fbc80
Event: 13.131 Thread 0x0000012af2b9b000 DEOPT UNPACKING pc=0x0000012a8004994e sp=0x000000062b6fb148 mode 0
Event: 13.133 Thread 0x0000012af2b9b000 DEOPT PACKING pc=0x0000012a80640eec sp=0x000000062b6fbc80
Event: 13.133 Thread 0x0000012af2b9b000 DEOPT UNPACKING pc=0x0000012a8004994e sp=0x000000062b6fb148 mode 0
Event: 13.133 Thread 0x0000012af2b9b000 DEOPT PACKING pc=0x0000012a80640eec sp=0x000000062b6fbc80
Event: 13.133 Thread 0x0000012af2b9b000 DEOPT UNPACKING pc=0x0000012a8004994e sp=0x000000062b6fb148 mode 0
Event: 13.159 Thread 0x0000012af2b9b000 DEOPT PACKING pc=0x0000012a80640eec sp=0x000000062b6f8990
Event: 13.159 Thread 0x0000012af2b9b000 DEOPT UNPACKING pc=0x0000012a8004994e sp=0x000000062b6f7e58 mode 0
Event: 13.170 Thread 0x0000012af2b9b000 DEOPT PACKING pc=0x0000012a80641121 sp=0x000000062b6f8990
Event: 13.170 Thread 0x0000012af2b9b000 DEOPT UNPACKING pc=0x0000012a8004994e sp=0x000000062b6f7e58 mode 0
Event: 13.996 Thread 0x0000012af2b9b000 DEOPT PACKING pc=0x0000012a805ec273 sp=0x000000062b6fe270
Event: 13.996 Thread 0x0000012af2b9b000 DEOPT UNPACKING pc=0x0000012a8004994e sp=0x000000062b6fd6f8 mode 0

Classes unloaded (0 events):
No events

Classes redefined (0 events):
No events

Internal exceptions (1 events):
Event: 13.916 Thread 0x0000012af2b9b000 Exception <a 'java/lang/NoClassDefFoundError'{0x00000000c6135d50}: org/slf4j/impl/StaticLoggerBinder> (0x00000000c6135d50) 
thrown [t:/workspace/open/src/hotspot/share/classfile/systemDictionary.cpp, line 221]

Events (20 events):
Event: 13.922 loading class org/slf4j/helpers/MarkerIgnoringBase
Event: 13.922 loading class org/slf4j/helpers/MarkerIgnoringBase done
Event: 13.924 loading class org/slf4j/helpers/NamedLoggerBase
Event: 13.924 loading class org/slf4j/helpers/NamedLoggerBase done
Event: 13.941 loading class io/github/bonigarcia/wdm/online/S3NamespaceContext
Event: 13.941 loading class io/github/bonigarcia/wdm/online/S3NamespaceContext done
Event: 13.943 loading class io/github/bonigarcia/wdm/config/DriverManagerType
Event: 13.943 loading class io/github/bonigarcia/wdm/config/DriverManagerType done
Event: 13.949 loading class io/github/bonigarcia/wdm/managers/ChromeDriverManager
Event: 13.949 loading class io/github/bonigarcia/wdm/managers/ChromeDriverManager done
Event: 13.952 loading class java/net/MalformedURLException
Event: 13.952 loading class java/net/MalformedURLException done
Event: 13.952 loading class io/github/bonigarcia/wdm/config/Config
Event: 13.952 loading class io/github/bonigarcia/wdm/config/Config done
Event: 13.970 loading class io/github/bonigarcia/wdm/config/ConfigKey
Event: 13.970 loading class io/github/bonigarcia/wdm/config/ConfigKey done
Event: 14.023 loading class org/apache/commons/lang3/SystemUtils
Event: 14.023 loading class org/apache/commons/lang3/SystemUtils done
Event: 14.043 loading class org/apache/commons/lang3/JavaVersion
Event: 14.043 loading class org/apache/commons/lang3/JavaVersion done


Dynamic libraries:
0x00007ff767d70000 - 0x00007ff767d7f000 	C:\Program Files\Java\jdk-13.0.2\bin\javaw.exe
0x00007ffe91360000 - 0x00007ffe91550000 	C:\Windows\SYSTEM32\ntdll.dll
0x00007ffe902e0000 - 0x00007ffe90392000 	C:\Windows\System32\KERNEL32.DLL
0x00007ffe8e360000 - 0x00007ffe8e605000 	C:\Windows\System32\KERNELBASE.dll
0x00007ffe8e9b0000 - 0x00007ffe8eaaa000 	C:\Windows\System32\ucrtbase.dll
0x00007ffe801c0000 - 0x00007ffe801d8000 	C:\Program Files\Java\jdk-13.0.2\bin\jli.dll
0x00007ffe90450000 - 0x00007ffe904f3000 	C:\Windows\System32\ADVAPI32.dll
0x00007ffe90500000 - 0x00007ffe9059e000 	C:\Windows\System32\msvcrt.dll
0x00007ffe910e0000 - 0x00007ffe91177000 	C:\Windows\System32\sechost.dll
0x00007ffe90720000 - 0x00007ffe90840000 	C:\Windows\System32\RPCRT4.dll
0x00007ffe91180000 - 0x00007ffe91314000 	C:\Windows\System32\USER32.dll
0x00007ffe8e610000 - 0x00007ffe8e631000 	C:\Windows\System32\win32u.dll
0x00007ffe90420000 - 0x00007ffe90446000 	C:\Windows\System32\GDI32.dll
0x00007ffe8e7b0000 - 0x00007ffe8e946000 	C:\Windows\System32\gdi32full.dll
0x00007ffe8f240000 - 0x00007ffe8f2de000 	C:\Windows\System32\msvcp_win.dll
0x00007ffe86700000 - 0x00007ffe86715000 	C:\Program Files\Java\jdk-13.0.2\bin\VCRUNTIME140.dll
0x00007ffe7cad0000 - 0x00007ffe7cd54000 	C:\Windows\WinSxS\amd64_microsoft.windows.common-controls_6595b64144ccf1df_6.0.18362.1256_none_9e7e379be45e40e2\COMCTL32.dll
0x00007ffe90840000 - 0x00007ffe90b76000 	C:\Windows\System32\combase.dll
0x00007ffe8e2d0000 - 0x00007ffe8e351000 	C:\Windows\System32\bcryptPrimitives.dll
0x00007ffe86450000 - 0x00007ffe8645a000 	C:\Windows\SYSTEM32\VERSION.dll
0x00007ffe902b0000 - 0x00007ffe902de000 	C:\Windows\System32\IMM32.DLL
0x00007ffe788a0000 - 0x00007ffe7893b000 	C:\Program Files\Java\jdk-13.0.2\bin\msvcp140.dll
0x00007ffe5ac90000 - 0x00007ffe5b7ed000 	C:\Program Files\Java\jdk-13.0.2\bin\server\jvm.dll
0x00007ffe91070000 - 0x00007ffe91078000 	C:\Windows\System32\PSAPI.DLL
0x00007ffe8aa40000 - 0x00007ffe8aa49000 	C:\Windows\SYSTEM32\WSOCK32.dll
0x00007ffe90620000 - 0x00007ffe9068f000 	C:\Windows\System32\WS2_32.dll
0x00007ffe8b060000 - 0x00007ffe8b084000 	C:\Windows\SYSTEM32\WINMM.dll
0x00007ffe8b030000 - 0x00007ffe8b05d000 	C:\Windows\SYSTEM32\WINMMBASE.dll
0x00007ffe8f3c0000 - 0x00007ffe8f40a000 	C:\Windows\System32\cfgmgr32.dll
0x00007ffe8e280000 - 0x00007ffe8e291000 	C:\Windows\System32\kernel.appcore.dll
0x00007ffe8aa30000 - 0x00007ffe8aa40000 	C:\Program Files\Java\jdk-13.0.2\bin\verify.dll
0x00007ffe7ba10000 - 0x00007ffe7bc04000 	C:\Windows\SYSTEM32\DBGHELP.DLL
0x00007ffe7b9e0000 - 0x00007ffe7ba0a000 	C:\Windows\SYSTEM32\dbgcore.DLL
0x00007ffe87330000 - 0x00007ffe87356000 	C:\Program Files\Java\jdk-13.0.2\bin\java.dll
0x00007ffe80270000 - 0x00007ffe802a8000 	C:\Program Files\Java\jdk-13.0.2\bin\jdwp.dll
0x00007ffe8aa70000 - 0x00007ffe8aa7e000 	C:\Program Files\Java\jdk-13.0.2\bin\instrument.dll
0x00007ffe899f0000 - 0x00007ffe89a07000 	C:\Program Files\Java\jdk-13.0.2\bin\zip.dll
0x00007ffe8a6f0000 - 0x00007ffe8a6fa000 	C:\Program Files\Java\jdk-13.0.2\bin\jimage.dll
0x00007ffe8f550000 - 0x00007ffe8fc37000 	C:\Windows\System32\SHELL32.dll
0x00007ffe8ffd0000 - 0x00007ffe90079000 	C:\Windows\System32\shcore.dll
0x00007ffe8eab0000 - 0x00007ffe8f231000 	C:\Windows\System32\windows.storage.dll
0x00007ffe8e2a0000 - 0x00007ffe8e2c3000 	C:\Windows\System32\profapi.dll
0x00007ffe8e230000 - 0x00007ffe8e27a000 	C:\Windows\System32\powrprof.dll
0x00007ffe8e200000 - 0x00007ffe8e210000 	C:\Windows\System32\UMPDC.dll
0x00007ffe8fcf0000 - 0x00007ffe8fd42000 	C:\Windows\System32\shlwapi.dll
0x00007ffe8e790000 - 0x00007ffe8e7a7000 	C:\Windows\System32\cryptsp.dll
0x00007ffe8a760000 - 0x00007ffe8a76b000 	C:\Program Files\Java\jdk-13.0.2\bin\dt_socket.dll
0x00007ffe8d9f0000 - 0x00007ffe8da57000 	C:\Windows\system32\mswsock.dll
0x00007ffe8d740000 - 0x00007ffe8d80b000 	C:\Windows\SYSTEM32\DNSAPI.dll
0x00007ffe906a0000 - 0x00007ffe906a8000 	C:\Windows\System32\NSI.dll
0x00007ffe8d700000 - 0x00007ffe8d73a000 	C:\Windows\SYSTEM32\IPHLPAPI.DLL
0x00007ffe7f870000 - 0x00007ffe7f87a000 	C:\Windows\System32\rasadhlp.dll
0x00007ffe802e0000 - 0x00007ffe80357000 	C:\Windows\System32\fwpuclnt.dll
0x00007ffe8f390000 - 0x00007ffe8f3b6000 	C:\Windows\System32\bcrypt.dll
0x00007ffe88db0000 - 0x00007ffe88dc9000 	C:\Program Files\Java\jdk-13.0.2\bin\net.dll
0x00007ffe85e60000 - 0x00007ffe85f50000 	C:\Windows\SYSTEM32\WINHTTP.dll
0x00007ffe873a0000 - 0x00007ffe873b3000 	C:\Program Files\Java\jdk-13.0.2\bin\nio.dll

dbghelp: loaded successfully - version: 4.0.5 - missing functions: none
symbol engine: initialized successfully - sym options: 0x614 - pdb path: .;C:\Program Files\Java\jdk-13.0.2\bin;C:\Windows\SYSTEM32;C:\Windows\WinSxS\amd64_microsoft.windows.common-controls_6595b64144ccf1df_6.0.18362.1256_none_9e7e379be45e40e2;C:\Program Files\Java\jdk-13.0.2\bin\server

VM Arguments:
jvm_args: -agentlib:jdwp=transport=dt_socket,suspend=y,address=localhost:59481 -javaagent:C:\Users\lenovo\eclipse\java-2020-06\eclipse\configuration\org.eclipse.osgi\222\0\.cp\lib\javaagent-shaded.jar -Dfile.encoding=Cp1252 
java_command: salesforce.CreateAccounts
java_class_path (initial): C:\Users\lenovo\eclipse-workspace\MavenProject\target\classes;C:\Java\jre1.8.0_251;C:\Users\lenovo\.m2\repository\org\seleniumhq\selenium\selenium-java\4.0.0-alpha-6\selenium-java-4.0.0-alpha-6.jar;C:\Users\lenovo\.m2\repository\org\seleniumhq\selenium\selenium-api\4.0.0-alpha-6\selenium-api-4.0.0-alpha-6.jar;C:\Users\lenovo\.m2\repository\org\seleniumhq\selenium\selenium-chrome-driver\4.0.0-alpha-6\selenium-chrome-driver-4.0.0-alpha-6.jar;C:\Users\lenovo\.m2\repository\com\google\auto\service\auto-service-annotations\1.0-rc6\auto-service-annotations-1.0-rc6.jar;C:\Users\lenovo\.m2\repository\com\google\auto\service\auto-service\1.0-rc6\auto-service-1.0-rc6.jar;C:\Users\lenovo\.m2\repository\com\google\auto\auto-common\0.10\auto-common-0.10.jar;C:\Users\lenovo\.m2\repository\com\google\guava\guava\29.0-jre\guava-29.0-jre.jar;C:\Users\lenovo\.m2\repository\com\google\guava\failureaccess\1.0.1\failureaccess-1.0.1.jar;C:\Users\lenovo\.m2\repository\com\google\guava\listenablefuture\9999.0-empty-to-avoid-conflict-with-guava\listenablefuture-9999.0-empty-to-avoid-conflict-with-guava.jar;C:\Users\lenovo\.m2\repository\com\google\code\findbugs\jsr305\3.0.2\jsr305-3.0.2.jar;C:\Users\lenovo\.m2\repository\org\checkerframework\checker-qual\2.11.1\checker-qual-2.11.1.jar;C:\Users\lenovo\.m2\repository\com\google\errorprone\error_prone_annotations\2.3.4\error_prone_annotations-2.3.4.jar;C:\Users\lenovo\.m2\repository\com\google\j2objc\j2objc-annotations\1.3\j2objc-annotations-1.3.jar;C:\Users\lenovo\.m2\repository\org\seleniumhq\selenium\selenium-chromium-driver\4.0.0-alpha-6\selenium-chromium-driver-4.0.0-alpha-6.jar;C:\Users\lenovo\.m2\repository\org\seleniumhq\selenium\selenium-devtools\4.0.0-alpha-6\selenium-devtools-4.0.0-alpha-6.jar;C:\Users\lenovo\.m2\repository\org\seleniumhq\selenium\selenium-http\4.0.0-alpha-6\selenium-http-4.0.0-alpha-6.jar;C:\Users\lenovo\.m2\repository\org\seleniumhq\selenium\selenium-json\4.0.0-alpha-6\selenium-json-4.
Launcher Type: SUN_STANDARD

[Global flags]
     intx CICompilerCount                          = 2                                         {product} {ergonomic}
     uint ConcGCThreads                            = 1                                         {product} {ergonomic}
     uint G1ConcRefinementThreads                  = 2                                         {product} {ergonomic}
   size_t G1HeapRegionSize                         = 1048576                                   {product} {ergonomic}
    uintx GCDrainStackTargetSize                   = 64                                        {product} {ergonomic}
   size_t InitialHeapSize                          = 65011712                                  {product} {ergonomic}
   size_t MarkStackSize                            = 4194304                                   {product} {ergonomic}
   size_t MaxHeapSize                              = 1031798784                                {product} {ergonomic}
   size_t MaxNewSize                               = 618659840                                 {product} {ergonomic}
   size_t MinHeapDeltaBytes                        = 1048576                                   {product} {ergonomic}
   size_t MinHeapSize                              = 8388608                                   {product} {ergonomic}
    uintx NonNMethodCodeHeapSize                   = 5826188                                {pd product} {ergonomic}
    uintx NonProfiledCodeHeapSize                  = 122916026                              {pd product} {ergonomic}
    uintx ProfiledCodeHeapSize                     = 122916026                              {pd product} {ergonomic}
    uintx ReservedCodeCacheSize                    = 251658240                              {pd product} {ergonomic}
     bool SegmentedCodeCache                       = true                                      {product} {ergonomic}
   size_t SoftMaxHeapSize                          = 1031798784                             {manageable} {ergonomic}
     bool UseCompressedClassPointers               = true                                 {lp64_product} {ergonomic}
     bool UseCompressedOops                        = true                                 {lp64_product} {ergonomic}
     bool UseG1GC                                  = true                                      {product} {ergonomic}
     bool UseLargePagesIndividualAllocation        = false                                  {pd product} {ergonomic}

Logging:
Log output configuration:
 #0: stdout all=warning uptime,level,tags
 #1: stderr all=off uptime,level,tags

Environment Variables:
PATH=C:/Program Files/Java/jdk-13.0.2/bin/server;C:/Program Files/Java/jdk-13.0.2/bin;C:\Program Files (x86)\Common Files\Oracle\Java\javapath;C:\Windows\system32;C:\Windows;C:\Windows\System32\Wbem;C:\Windows\System32\WindowsPowerShell\v1.0\;C:\Windows\System32\OpenSSH\;C:\Users\lenovo\AppData\Local\Microsoft\WindowsApps;C:\Users\lenovo\AppData\Local\GitHubDesktop\bin;C:\Users\lenovo\Desktop;
USERNAME=lenovo
OS=Windows_NT
PROCESSOR_IDENTIFIER=AMD64 Family 21 Model 112 Stepping 0, AuthenticAMD



---------------  S Y S T E M  ---------------

OS: Windows 10 , 64 bit Build 18362 (10.0.18362.1110)

CPU:total 2 (initial active 2) (2 cores per cpu, 1 threads per core) family 21 model 112 stepping 0, cmov, cx8, fxsr, mmx, sse, sse2, sse3, ssse3, sse4.1, sse4.2, popcnt, avx, avx2, aes, clmul, mmxext, 3dnowpref, lzcnt, sse4a, tsc, tscinvbit, tscinv, bmi1, bmi2, fma

Memory: 4k page, system-wide physical 3935M (295M free)
TotalPageFile size 16223M (AvailPageFile size 0M)
current process WorkingSet (physical memory assigned to process): 56M, peak: 56M
current process commit charge ("private bytes"): 141M, peak: 141M

vm_info: Java HotSpot(TM) 64-Bit Server VM (13.0.2+8) for windows-amd64 JRE (13.0.2+8), built on Dec 11 2019 09:20:33 by "mach5one" with unknown MS VC++:1916

END.
