#
# There is insufficient memory for the Java Runtime Environment to continue.
# Native memory allocation (mmap) failed to map 65011712 bytes for Failed to commit area from 0x00000000c2800000 to 0x00000000c6600000 of length 65011712.
# Possible reasons:
#   The system is out of physical RAM or swap space
#   The process is running with CompressedOops enabled, and the Java Heap may be blocking the growth of the native heap
# Possible solutions:
#   Reduce memory load on the system
#   Increase physical memory or swap space
#   Check if swap backing store is full
#   Decrease Java heap size (-Xmx/-Xms)
#   Decrease number of Java threads
#   Decrease Java thread stack sizes (-Xss)
#   Set larger code cache with -XX:ReservedCodeCacheSize=
# This output file may be truncated or incomplete.
#
#  Out of Memory Error (t:/workspace/open/src/hotspot/os/windows/os_windows.cpp:3301), pid=9128, tid=12792
#
# JRE version:  (13.0.2+8) (build )
# Java VM: Java HotSpot(TM) 64-Bit Server VM (13.0.2+8, mixed mode, aot, sharing, tiered, compressed oops, g1 gc, windows-amd64)
# No core dump will be written. Minidumps are not enabled by default on client versions of Windows
#

---------------  S U M M A R Y ------------

Command Line: -Dfile.encoding=Cp1252 salesforce.EditAccount

Host: AMD PRO A4-4350B R4, 5 COMPUTE CORES 2C+3G     , 2 cores, 3G,  Windows 10 , 64 bit Build 18362 (10.0.18362.1110)
Time: Sun Jan  3 22:25:10 2021 India Standard Time elapsed time: 0 seconds (0d 0h 0m 0s)

---------------  T H R E A D  ---------------

Current thread (0x000002ef3ade9800):  JavaThread "Unknown thread" [_thread_in_vm, id=12792, stack(0x000000ffe4b00000,0x000000ffe4c00000)]

Stack: [0x000000ffe4b00000,0x000000ffe4c00000]
Native frames: (J=compiled Java code, j=interpreted, Vv=VM code, C=native code)
V  [jvm.dll+0x624f9a]
V  [jvm.dll+0x770cfa]
V  [jvm.dll+0x7724af]
V  [jvm.dll+0x772ab3]
V  [jvm.dll+0x24bf08]
V  [jvm.dll+0x6222aa]
V  [jvm.dll+0x6170b5]
V  [jvm.dll+0x30a88c]
V  [jvm.dll+0x30a6c2]
V  [jvm.dll+0x30fe36]
V  [jvm.dll+0x353f46]
V  [jvm.dll+0x353720]
V  [jvm.dll+0x2e550a]
V  [jvm.dll+0x2e67a2]
V  [jvm.dll+0x74dd78]
V  [jvm.dll+0x361989]
V  [jvm.dll+0x730e65]
V  [jvm.dll+0x3cc53f]
V  [jvm.dll+0x3ce861]
C  [jli.dll+0x51ff]
C  [ucrtbase.dll+0x210b2]
C  [KERNEL32.DLL+0x17c24]
C  [ntdll.dll+0x6d4d1]


---------------  P R O C E S S  ---------------

Threads class SMR info:
_java_thread_list=0x00007ffc341fccb8, length=0, elements={
}

Java Threads: ( => current thread )

Other Threads:
  0x000002ef3ae1a000 GCTaskThread "GC Thread#0" [stack: 0x000000ffe4c00000,0x000000ffe4d00000] [id=11688]
  0x000002ef3ae23800 ConcurrentGCThread "G1 Main Marker" [stack: 0x000000ffe4d00000,0x000000ffe4e00000] [id=14304]
  0x000002ef3ae25800 ConcurrentGCThread "G1 Conc#0" [stack: 0x000000ffe4e00000,0x000000ffe4f00000] [id=19336]

[error occurred during error reporting (printing all threads), id 0xc0000005, EXCEPTION_ACCESS_VIOLATION (0xc0000005) at pc=0x00007ffc33a351d7]

VM state:not at safepoint (not fully initialized)

VM Mutex/Monitor currently owned by a thread:  ([mutex/lock_event])
[0x000002ef3ade53d0] Heap_lock - owner thread: 0x000002ef3ade9800

Heap address: 0x00000000c2800000, size: 984 MB, Compressed Oops mode: Non-zero based: 0x00000000c2800000
Narrow klass base: 0x0000000000000000, Narrow klass shift: 0

GC Heap History (0 events):
No events

Deoptimization events (0 events):
No events

Classes unloaded (0 events):
No events

Classes redefined (0 events):
No events

Internal exceptions (0 events):
No events

Events (8 events):
Event: 0.022 Loaded shared library C:\Program Files\Java\jdk-13.0.2\bin\zip.dll
Event: 0.024 Loaded shared library C:\Program Files\Java\jdk-13.0.2\bin\jimage.dll
Event: 0.026 Loading shared library C:\Program Files\Java\jdk-13.0.2\lib\libjava.base-coop.dll failed, error code 126
Event: 0.027 Loading shared library C:\Program Files\Java\jdk-13.0.2\lib\libjava.logging-coop.dll failed, error code 126
Event: 0.027 Loading shared library C:\Program Files\Java\jdk-13.0.2\lib\libjdk.compiler-coop.dll failed, error code 126
Event: 0.027 Loading shared library C:\Program Files\Java\jdk-13.0.2\lib\libjdk.scripting.nashorn-coop.dll failed, error code 126
Event: 0.027 Loading shared library C:\Program Files\Java\jdk-13.0.2\lib\libjdk.internal.vm.ci-coop.dll failed, error code 126
Event: 0.027 Loading shared library C:\Program Files\Java\jdk-13.0.2\lib\libjdk.internal.vm.compiler-coop.dll failed, error code 126


Dynamic libraries:
0x00007ff77f2f0000 - 0x00007ff77f2ff000 	C:\Program Files\Java\jdk-13.0.2\bin\javaw.exe
0x00007ffc6bb20000 - 0x00007ffc6bd10000 	C:\Windows\SYSTEM32\ntdll.dll
0x00007ffc6ba20000 - 0x00007ffc6bad2000 	C:\Windows\System32\KERNEL32.DLL
0x00007ffc69750000 - 0x00007ffc699f5000 	C:\Windows\System32\KERNELBASE.dll
0x00007ffc694a0000 - 0x00007ffc6959a000 	C:\Windows\System32\ucrtbase.dll
0x00007ffc652e0000 - 0x00007ffc652f8000 	C:\Program Files\Java\jdk-13.0.2\bin\jli.dll
0x00007ffc6b740000 - 0x00007ffc6b7e3000 	C:\Windows\System32\ADVAPI32.dll
0x00007ffc6a0b0000 - 0x00007ffc6a14e000 	C:\Windows\System32\msvcrt.dll
0x00007ffc6b8e0000 - 0x00007ffc6b977000 	C:\Windows\System32\sechost.dll
0x00007ffc69bd0000 - 0x00007ffc69cf0000 	C:\Windows\System32\RPCRT4.dll
0x00007ffc6b4f0000 - 0x00007ffc6b684000 	C:\Windows\System32\USER32.dll
0x00007ffc69ba0000 - 0x00007ffc69bc1000 	C:\Windows\System32\win32u.dll
0x00007ffc6a1b0000 - 0x00007ffc6a1d6000 	C:\Windows\System32\GDI32.dll
0x00007ffc69a00000 - 0x00007ffc69b96000 	C:\Windows\System32\gdi32full.dll
0x00007ffc693b0000 - 0x00007ffc6944e000 	C:\Windows\System32\msvcp_win.dll
0x00007ffc652c0000 - 0x00007ffc652d5000 	C:\Program Files\Java\jdk-13.0.2\bin\VCRUNTIME140.dll
0x00007ffc57870000 - 0x00007ffc57af4000 	C:\Windows\WinSxS\amd64_microsoft.windows.common-controls_6595b64144ccf1df_6.0.18362.1256_none_9e7e379be45e40e2\COMCTL32.dll
0x00007ffc69d70000 - 0x00007ffc6a0a6000 	C:\Windows\System32\combase.dll
0x00007ffc68b90000 - 0x00007ffc68c11000 	C:\Windows\System32\bcryptPrimitives.dll
0x00007ffc609e0000 - 0x00007ffc609ea000 	C:\Windows\SYSTEM32\VERSION.dll
0x00007ffc6b9f0000 - 0x00007ffc6ba1e000 	C:\Windows\System32\IMM32.DLL
0x00007ffc51c60000 - 0x00007ffc51cfb000 	C:\Program Files\Java\jdk-13.0.2\bin\msvcp140.dll
0x00007ffc33740000 - 0x00007ffc3429d000 	C:\Program Files\Java\jdk-13.0.2\bin\server\jvm.dll
0x00007ffc6a8e0000 - 0x00007ffc6a8e8000 	C:\Windows\System32\PSAPI.DLL
0x00007ffc65280000 - 0x00007ffc65289000 	C:\Windows\SYSTEM32\WSOCK32.dll
0x00007ffc6b980000 - 0x00007ffc6b9ef000 	C:\Windows\System32\WS2_32.dll
0x00007ffc66a20000 - 0x00007ffc66a44000 	C:\Windows\SYSTEM32\WINMM.dll
0x00007ffc669f0000 - 0x00007ffc66a1d000 	C:\Windows\SYSTEM32\WINMMBASE.dll
0x00007ffc69450000 - 0x00007ffc6949a000 	C:\Windows\System32\cfgmgr32.dll
0x00007ffc689d0000 - 0x00007ffc689e1000 	C:\Windows\System32\kernel.appcore.dll
0x00007ffc65250000 - 0x00007ffc65260000 	C:\Program Files\Java\jdk-13.0.2\bin\verify.dll
0x00007ffc54a10000 - 0x00007ffc54c04000 	C:\Windows\SYSTEM32\DBGHELP.DLL
0x00007ffc56630000 - 0x00007ffc5665a000 	C:\Windows\SYSTEM32\dbgcore.DLL
0x00007ffc65220000 - 0x00007ffc65246000 	C:\Program Files\Java\jdk-13.0.2\bin\java.dll
0x00007ffc65200000 - 0x00007ffc65217000 	C:\Program Files\Java\jdk-13.0.2\bin\zip.dll
0x00007ffc651f0000 - 0x00007ffc651fa000 	C:\Program Files\Java\jdk-13.0.2\bin\jimage.dll

dbghelp: loaded successfully - version: 4.0.5 - missing functions: none
symbol engine: initialized successfully - sym options: 0x614 - pdb path: .;C:\Program Files\Java\jdk-13.0.2\bin;C:\Windows\SYSTEM32;C:\Windows\WinSxS\amd64_microsoft.windows.common-controls_6595b64144ccf1df_6.0.18362.1256_none_9e7e379be45e40e2;C:\Program Files\Java\jdk-13.0.2\bin\server

VM Arguments:
jvm_args: -Dfile.encoding=Cp1252 
java_command: salesforce.EditAccount
java_class_path (initial): C:\Users\lenovo\eclipse-workspace\MavenProject\target\classes;C:\Java\jre1.8.0_251;C:\Users\lenovo\.m2\repository\org\seleniumhq\selenium\selenium-java\4.0.0-alpha-6\selenium-java-4.0.0-alpha-6.jar;C:\Users\lenovo\.m2\repository\org\seleniumhq\selenium\selenium-api\4.0.0-alpha-6\selenium-api-4.0.0-alpha-6.jar;C:\Users\lenovo\.m2\repository\org\seleniumhq\selenium\selenium-chrome-driver\4.0.0-alpha-6\selenium-chrome-driver-4.0.0-alpha-6.jar;C:\Users\lenovo\.m2\repository\com\google\auto\service\auto-service-annotations\1.0-rc6\auto-service-annotations-1.0-rc6.jar;C:\Users\lenovo\.m2\repository\com\google\auto\service\auto-service\1.0-rc6\auto-service-1.0-rc6.jar;C:\Users\lenovo\.m2\repository\com\google\auto\auto-common\0.10\auto-common-0.10.jar;C:\Users\lenovo\.m2\repository\com\google\guava\guava\29.0-jre\guava-29.0-jre.jar;C:\Users\lenovo\.m2\repository\com\google\guava\failureaccess\1.0.1\failureaccess-1.0.1.jar;C:\Users\lenovo\.m2\repository\com\google\guava\listenablefuture\9999.0-empty-to-avoid-conflict-with-guava\listenablefuture-9999.0-empty-to-avoid-conflict-with-guava.jar;C:\Users\lenovo\.m2\repository\com\google\code\findbugs\jsr305\3.0.2\jsr305-3.0.2.jar;C:\Users\lenovo\.m2\repository\org\checkerframework\checker-qual\2.11.1\checker-qual-2.11.1.jar;C:\Users\lenovo\.m2\repository\com\google\errorprone\error_prone_annotations\2.3.4\error_prone_annotations-2.3.4.jar;C:\Users\lenovo\.m2\repository\com\google\j2objc\j2objc-annotations\1.3\j2objc-annotations-1.3.jar;C:\Users\lenovo\.m2\repository\org\seleniumhq\selenium\selenium-chromium-driver\4.0.0-alpha-6\selenium-chromium-driver-4.0.0-alpha-6.jar;C:\Users\lenovo\.m2\repository\org\seleniumhq\selenium\selenium-devtools\4.0.0-alpha-6\selenium-devtools-4.0.0-alpha-6.jar;C:\Users\lenovo\.m2\repository\org\seleniumhq\selenium\selenium-http\4.0.0-alpha-6\selenium-http-4.0.0-alpha-6.jar;C:\Users\lenovo\.m2\repository\org\seleniumhq\selenium\selenium-json\4.0.0-alpha-6\selenium-json-4.
Launcher Type: SUN_STANDARD

[Global flags]
     intx CICompilerCount                          = 2                                         {product} {ergonomic}
     uint ConcGCThreads                            = 1                                         {product} {ergonomic}
     uint G1ConcRefinementThreads                  = 2                                         {product} {ergonomic}
   size_t G1HeapRegionSize                         = 1048576                                   {product} {ergonomic}
    uintx GCDrainStackTargetSize                   = 64                                        {product} {ergonomic}
   size_t InitialHeapSize                          = 65011712                                  {product} {ergonomic}
   size_t MarkStackSize                            = 4194304                                   {product} {ergonomic}
   size_t MaxHeapSize                              = 1031798784                                {product} {ergonomic}
   size_t MinHeapDeltaBytes                        = 1048576                                   {product} {ergonomic}
   size_t MinHeapSize                              = 8388608                                   {product} {ergonomic}
    uintx NonNMethodCodeHeapSize                   = 5826188                                {pd product} {ergonomic}
    uintx NonProfiledCodeHeapSize                  = 122916026                              {pd product} {ergonomic}
    uintx ProfiledCodeHeapSize                     = 122916026                              {pd product} {ergonomic}
    uintx ReservedCodeCacheSize                    = 251658240                              {pd product} {ergonomic}
     bool SegmentedCodeCache                       = true                                      {product} {ergonomic}
   size_t SoftMaxHeapSize                          = 1031798784                             {manageable} {ergonomic}
     bool UseCompressedClassPointers               = true                                 {lp64_product} {ergonomic}
     bool UseCompressedOops                        = true                                 {lp64_product} {ergonomic}
     bool UseG1GC                                  = true                                      {product} {ergonomic}
     bool UseLargePagesIndividualAllocation        = false                                  {pd product} {ergonomic}

Logging:
Log output configuration:
 #0: stdout all=warning uptime,level,tags
 #1: stderr all=off uptime,level,tags

Environment Variables:
PATH=C:/Program Files/Java/jdk-13.0.2/bin/server;C:/Program Files/Java/jdk-13.0.2/bin;C:\Program Files (x86)\Common Files\Oracle\Java\javapath;C:\Windows\system32;C:\Windows;C:\Windows\System32\Wbem;C:\Windows\System32\WindowsPowerShell\v1.0\;C:\Windows\System32\OpenSSH\;C:\Users\lenovo\AppData\Local\Microsoft\WindowsApps;C:\Users\lenovo\AppData\Local\GitHubDesktop\bin;C:\Users\lenovo\Desktop;
USERNAME=lenovo
OS=Windows_NT
PROCESSOR_IDENTIFIER=AMD64 Family 21 Model 112 Stepping 0, AuthenticAMD



---------------  S Y S T E M  ---------------

OS: Windows 10 , 64 bit Build 18362 (10.0.18362.1110)

CPU:total 2 (initial active 2) (2 cores per cpu, 1 threads per core) family 21 model 112 stepping 0, cmov, cx8, fxsr, mmx, sse, sse2, sse3, ssse3, sse4.1, sse4.2, popcnt, avx, avx2, aes, clmul, mmxext, 3dnowpref, lzcnt, sse4a, tsc, tscinvbit, tscinv, bmi1, bmi2, fma

Memory: 4k page, system-wide physical 3935M (312M free)
TotalPageFile size 16223M (AvailPageFile size 23M)
current process WorkingSet (physical memory assigned to process): 9M, peak: 9M
current process commit charge ("private bytes"): 47M, peak: 109M

vm_info: Java HotSpot(TM) 64-Bit Server VM (13.0.2+8) for windows-amd64 JRE (13.0.2+8), built on Dec 11 2019 09:20:33 by "mach5one" with unknown MS VC++:1916

END.
