#
# There is insufficient memory for the Java Runtime Environment to continue.
# Native memory allocation (mmap) failed to map 65011712 bytes for Failed to commit area from 0x00000000c2800000 to 0x00000000c6600000 of length 65011712.
# Possible reasons:
#   The system is out of physical RAM or swap space
#   The process is running with CompressedOops enabled, and the Java Heap may be blocking the growth of the native heap
# Possible solutions:
#   Reduce memory load on the system
#   Increase physical memory or swap space
#   Check if swap backing store is full
#   Decrease Java heap size (-Xmx/-Xms)
#   Decrease number of Java threads
#   Decrease Java thread stack sizes (-Xss)
#   Set larger code cache with -XX:ReservedCodeCacheSize=
# This output file may be truncated or incomplete.
#
#  Out of Memory Error (t:/workspace/open/src/hotspot/os/windows/os_windows.cpp:3301), pid=7628, tid=8924
#
# JRE version:  (13.0.2+8) (build )
# Java VM: Java HotSpot(TM) 64-Bit Server VM (13.0.2+8, mixed mode, aot, sharing, tiered, compressed oops, g1 gc, windows-amd64)
# No core dump will be written. Minidumps are not enabled by default on client versions of Windows
#

---------------  S U M M A R Y ------------

Command Line: -Dfile.encoding=Cp1252 salesforce.EditAccount

Host: AMD PRO A4-4350B R4, 5 COMPUTE CORES 2C+3G     , 2 cores, 3G,  Windows 10 , 64 bit Build 18362 (10.0.18362.1110)
Time: Sun Jan  3 02:42:42 2021 India Standard Time elapsed time: 0 seconds (0d 0h 0m 0s)

---------------  T H R E A D  ---------------

Current thread (0x00000136fc319800):  JavaThread "Unknown thread" [_thread_in_vm, id=8924, stack(0x00000010abf00000,0x00000010ac000000)]

Stack: [0x00000010abf00000,0x00000010ac000000]
Native frames: (J=compiled Java code, j=interpreted, Vv=VM code, C=native code)
V  [jvm.dll+0x624f9a]
V  [jvm.dll+0x770cfa]
V  [jvm.dll+0x7724af]
V  [jvm.dll+0x772ab3]
V  [jvm.dll+0x24bf08]
V  [jvm.dll+0x6222aa]
V  [jvm.dll+0x6170b5]
V  [jvm.dll+0x30a88c]
V  [jvm.dll+0x30a6c2]
V  [jvm.dll+0x30fe36]
V  [jvm.dll+0x353f46]
V  [jvm.dll+0x353720]
V  [jvm.dll+0x2e550a]
V  [jvm.dll+0x2e67a2]
V  [jvm.dll+0x74dd78]
V  [jvm.dll+0x361989]
V  [jvm.dll+0x730e65]
V  [jvm.dll+0x3cc53f]
V  [jvm.dll+0x3ce861]
C  [jli.dll+0x51ff]
C  [ucrtbase.dll+0x210b2]
C  [KERNEL32.DLL+0x17c24]
C  [ntdll.dll+0x6d4d1]


---------------  P R O C E S S  ---------------

Threads class SMR info:
_java_thread_list=0x00007ff89946ccb8, length=0, elements={
}

Java Threads: ( => current thread )

Other Threads:
  0x00000136fc34a000 GCTaskThread "GC Thread#0" [stack: 0x00000010ac000000,0x00000010ac100000] [id=11696]
  0x00000136fc353800 ConcurrentGCThread "G1 Main Marker" [stack: 0x00000010ac100000,0x00000010ac200000] [id=19304]
  0x00000136fc355800 ConcurrentGCThread "G1 Conc#0" [stack: 0x00000010ac200000,0x00000010ac300000] [id=17344]

[error occurred during error reporting (printing all threads), id 0xc0000005, EXCEPTION_ACCESS_VIOLATION (0xc0000005) at pc=0x00007ff898ca51d7]

VM state:not at safepoint (not fully initialized)

VM Mutex/Monitor currently owned by a thread:  ([mutex/lock_event])
[0x00000136fc3161e0] Heap_lock - owner thread: 0x00000136fc319800

Heap address: 0x00000000c2800000, size: 984 MB, Compressed Oops mode: Non-zero based: 0x00000000c2800000
Narrow klass base: 0x0000000000000000, Narrow klass shift: 0

GC Heap History (0 events):
No events

Deoptimization events (0 events):
No events

Classes unloaded (0 events):
No events

Classes redefined (0 events):
No events

Internal exceptions (0 events):
No events

Events (8 events):
Event: 0.020 Loaded shared library C:\Program Files\Java\jdk-13.0.2\bin\zip.dll
Event: 0.021 Loaded shared library C:\Program Files\Java\jdk-13.0.2\bin\jimage.dll
Event: 0.027 Loading shared library C:\Program Files\Java\jdk-13.0.2\lib\libjava.base-coop.dll failed, error code 126
Event: 0.027 Loading shared library C:\Program Files\Java\jdk-13.0.2\lib\libjava.logging-coop.dll failed, error code 126
Event: 0.027 Loading shared library C:\Program Files\Java\jdk-13.0.2\lib\libjdk.compiler-coop.dll failed, error code 126
Event: 0.027 Loading shared library C:\Program Files\Java\jdk-13.0.2\lib\libjdk.scripting.nashorn-coop.dll failed, error code 126
Event: 0.027 Loading shared library C:\Program Files\Java\jdk-13.0.2\lib\libjdk.internal.vm.ci-coop.dll failed, error code 126
Event: 0.027 Loading shared library C:\Program Files\Java\jdk-13.0.2\lib\libjdk.internal.vm.compiler-coop.dll failed, error code 126


Dynamic libraries:
0x00007ff75ff00000 - 0x00007ff75ff0f000 	C:\Program Files\Java\jdk-13.0.2\bin\javaw.exe
0x00007ff8d65e0000 - 0x00007ff8d67d0000 	C:\Windows\SYSTEM32\ntdll.dll
0x00007ff8d5670000 - 0x00007ff8d5722000 	C:\Windows\System32\KERNEL32.DLL
0x00007ff8d3790000 - 0x00007ff8d3a35000 	C:\Windows\System32\KERNELBASE.dll
0x00007ff8d4590000 - 0x00007ff8d468a000 	C:\Windows\System32\ucrtbase.dll
0x00007ff8cfce0000 - 0x00007ff8cfcf8000 	C:\Program Files\Java\jdk-13.0.2\bin\jli.dll
0x00007ff8d62b0000 - 0x00007ff8d6353000 	C:\Windows\System32\ADVAPI32.dll
0x00007ff8d4890000 - 0x00007ff8d492e000 	C:\Windows\System32\msvcrt.dll
0x00007ff8d6210000 - 0x00007ff8d62a7000 	C:\Windows\System32\sechost.dll
0x00007ff8d5c30000 - 0x00007ff8d5d50000 	C:\Windows\System32\RPCRT4.dll
0x00007ff8d5f60000 - 0x00007ff8d60f4000 	C:\Windows\System32\USER32.dll
0x00007ff8d3b20000 - 0x00007ff8d3b41000 	C:\Windows\System32\win32u.dll
0x00007ff8d61e0000 - 0x00007ff8d6206000 	C:\Windows\System32\GDI32.dll
0x00007ff8d3550000 - 0x00007ff8d36e6000 	C:\Windows\System32\gdi32full.dll
0x00007ff8d36f0000 - 0x00007ff8d378e000 	C:\Windows\System32\msvcp_win.dll
0x00007ff8cfd00000 - 0x00007ff8cfd15000 	C:\Program Files\Java\jdk-13.0.2\bin\VCRUNTIME140.dll
0x00007ff8c0700000 - 0x00007ff8c0984000 	C:\Windows\WinSxS\amd64_microsoft.windows.common-controls_6595b64144ccf1df_6.0.18362.1256_none_9e7e379be45e40e2\COMCTL32.dll
0x00007ff8d57c0000 - 0x00007ff8d5af6000 	C:\Windows\System32\combase.dll
0x00007ff8d3a40000 - 0x00007ff8d3ac1000 	C:\Windows\System32\bcryptPrimitives.dll
0x00007ff8cce20000 - 0x00007ff8cce2a000 	C:\Windows\SYSTEM32\VERSION.dll
0x00007ff8d5730000 - 0x00007ff8d575e000 	C:\Windows\System32\IMM32.DLL
0x00007ff8c3c20000 - 0x00007ff8c3cbb000 	C:\Program Files\Java\jdk-13.0.2\bin\msvcp140.dll
0x00007ff8989b0000 - 0x00007ff89950d000 	C:\Program Files\Java\jdk-13.0.2\bin\server\jvm.dll
0x00007ff8d6100000 - 0x00007ff8d6108000 	C:\Windows\System32\PSAPI.DLL
0x00007ff8c8eb0000 - 0x00007ff8c8eb9000 	C:\Windows\SYSTEM32\WSOCK32.dll
0x00007ff8d64b0000 - 0x00007ff8d651f000 	C:\Windows\System32\WS2_32.dll
0x00007ff8d14e0000 - 0x00007ff8d1504000 	C:\Windows\SYSTEM32\WINMM.dll
0x00007ff8d14b0000 - 0x00007ff8d14dd000 	C:\Windows\SYSTEM32\WINMMBASE.dll
0x00007ff8d4540000 - 0x00007ff8d458a000 	C:\Windows\System32\cfgmgr32.dll
0x00007ff8d34c0000 - 0x00007ff8d34d1000 	C:\Windows\System32\kernel.appcore.dll
0x00007ff8c8ea0000 - 0x00007ff8c8eb0000 	C:\Program Files\Java\jdk-13.0.2\bin\verify.dll
0x00007ff8bf9d0000 - 0x00007ff8bfbc4000 	C:\Windows\SYSTEM32\DBGHELP.DLL
0x00007ff8bf9a0000 - 0x00007ff8bf9ca000 	C:\Windows\SYSTEM32\dbgcore.DLL
0x00007ff8aed60000 - 0x00007ff8aed86000 	C:\Program Files\Java\jdk-13.0.2\bin\java.dll
0x00007ff8aed40000 - 0x00007ff8aed57000 	C:\Program Files\Java\jdk-13.0.2\bin\zip.dll
0x00007ff8c14c0000 - 0x00007ff8c14ca000 	C:\Program Files\Java\jdk-13.0.2\bin\jimage.dll

dbghelp: loaded successfully - version: 4.0.5 - missing functions: none
symbol engine: initialized successfully - sym options: 0x614 - pdb path: .;C:\Program Files\Java\jdk-13.0.2\bin;C:\Windows\SYSTEM32;C:\Windows\WinSxS\amd64_microsoft.windows.common-controls_6595b64144ccf1df_6.0.18362.1256_none_9e7e379be45e40e2;C:\Program Files\Java\jdk-13.0.2\bin\server

VM Arguments:
jvm_args: -Dfile.encoding=Cp1252 
java_command: salesforce.EditAccount
java_class_path (initial): C:\Users\lenovo\eclipse-workspace\MavenProject\target\classes;C:\Java\jre1.8.0_251;C:\Users\lenovo\.m2\repository\org\seleniumhq\selenium\selenium-java\4.0.0-alpha-6\selenium-java-4.0.0-alpha-6.jar;C:\Users\lenovo\.m2\repository\org\seleniumhq\selenium\selenium-api\4.0.0-alpha-6\selenium-api-4.0.0-alpha-6.jar;C:\Users\lenovo\.m2\repository\org\seleniumhq\selenium\selenium-chrome-driver\4.0.0-alpha-6\selenium-chrome-driver-4.0.0-alpha-6.jar;C:\Users\lenovo\.m2\repository\com\google\auto\service\auto-service-annotations\1.0-rc6\auto-service-annotations-1.0-rc6.jar;C:\Users\lenovo\.m2\repository\com\google\auto\service\auto-service\1.0-rc6\auto-service-1.0-rc6.jar;C:\Users\lenovo\.m2\repository\com\google\auto\auto-common\0.10\auto-common-0.10.jar;C:\Users\lenovo\.m2\repository\com\google\guava\guava\29.0-jre\guava-29.0-jre.jar;C:\Users\lenovo\.m2\repository\com\google\guava\failureaccess\1.0.1\failureaccess-1.0.1.jar;C:\Users\lenovo\.m2\repository\com\google\guava\listenablefuture\9999.0-empty-to-avoid-conflict-with-guava\listenablefuture-9999.0-empty-to-avoid-conflict-with-guava.jar;C:\Users\lenovo\.m2\repository\com\google\code\findbugs\jsr305\3.0.2\jsr305-3.0.2.jar;C:\Users\lenovo\.m2\repository\org\checkerframework\checker-qual\2.11.1\checker-qual-2.11.1.jar;C:\Users\lenovo\.m2\repository\com\google\errorprone\error_prone_annotations\2.3.4\error_prone_annotations-2.3.4.jar;C:\Users\lenovo\.m2\repository\com\google\j2objc\j2objc-annotations\1.3\j2objc-annotations-1.3.jar;C:\Users\lenovo\.m2\repository\org\seleniumhq\selenium\selenium-chromium-driver\4.0.0-alpha-6\selenium-chromium-driver-4.0.0-alpha-6.jar;C:\Users\lenovo\.m2\repository\org\seleniumhq\selenium\selenium-devtools\4.0.0-alpha-6\selenium-devtools-4.0.0-alpha-6.jar;C:\Users\lenovo\.m2\repository\org\seleniumhq\selenium\selenium-http\4.0.0-alpha-6\selenium-http-4.0.0-alpha-6.jar;C:\Users\lenovo\.m2\repository\org\seleniumhq\selenium\selenium-json\4.0.0-alpha-6\selenium-json-4.
Launcher Type: SUN_STANDARD

[Global flags]
     intx CICompilerCount                          = 2                                         {product} {ergonomic}
     uint ConcGCThreads                            = 1                                         {product} {ergonomic}
     uint G1ConcRefinementThreads                  = 2                                         {product} {ergonomic}
   size_t G1HeapRegionSize                         = 1048576                                   {product} {ergonomic}
    uintx GCDrainStackTargetSize                   = 64                                        {product} {ergonomic}
   size_t InitialHeapSize                          = 65011712                                  {product} {ergonomic}
   size_t MarkStackSize                            = 4194304                                   {product} {ergonomic}
   size_t MaxHeapSize                              = 1031798784                                {product} {ergonomic}
   size_t MinHeapDeltaBytes                        = 1048576                                   {product} {ergonomic}
   size_t MinHeapSize                              = 8388608                                   {product} {ergonomic}
    uintx NonNMethodCodeHeapSize                   = 5826188                                {pd product} {ergonomic}
    uintx NonProfiledCodeHeapSize                  = 122916026                              {pd product} {ergonomic}
    uintx ProfiledCodeHeapSize                     = 122916026                              {pd product} {ergonomic}
    uintx ReservedCodeCacheSize                    = 251658240                              {pd product} {ergonomic}
     bool SegmentedCodeCache                       = true                                      {product} {ergonomic}
   size_t SoftMaxHeapSize                          = 1031798784                             {manageable} {ergonomic}
     bool UseCompressedClassPointers               = true                                 {lp64_product} {ergonomic}
     bool UseCompressedOops                        = true                                 {lp64_product} {ergonomic}
     bool UseG1GC                                  = true                                      {product} {ergonomic}
     bool UseLargePagesIndividualAllocation        = false                                  {pd product} {ergonomic}

Logging:
Log output configuration:
 #0: stdout all=warning uptime,level,tags
 #1: stderr all=off uptime,level,tags

Environment Variables:
PATH=C:/Program Files/Java/jdk-13.0.2/bin/server;C:/Program Files/Java/jdk-13.0.2/bin;C:\Program Files (x86)\Common Files\Oracle\Java\javapath;C:\Windows\system32;C:\Windows;C:\Windows\System32\Wbem;C:\Windows\System32\WindowsPowerShell\v1.0\;C:\Windows\System32\OpenSSH\;C:\Users\lenovo\AppData\Local\Microsoft\WindowsApps;C:\Users\lenovo\AppData\Local\GitHubDesktop\bin;C:\Users\lenovo\Desktop;
USERNAME=lenovo
OS=Windows_NT
PROCESSOR_IDENTIFIER=AMD64 Family 21 Model 112 Stepping 0, AuthenticAMD



---------------  S Y S T E M  ---------------

OS: Windows 10 , 64 bit Build 18362 (10.0.18362.1110)

CPU:total 2 (initial active 2) (2 cores per cpu, 1 threads per core) family 21 model 112 stepping 0, cmov, cx8, fxsr, mmx, sse, sse2, sse3, ssse3, sse4.1, sse4.2, popcnt, avx, avx2, aes, clmul, mmxext, 3dnowpref, lzcnt, sse4a, tsc, tscinvbit, tscinv, bmi1, bmi2, fma

Memory: 4k page, system-wide physical 3935M (331M free)
TotalPageFile size 16223M (AvailPageFile size 4M)
current process WorkingSet (physical memory assigned to process): 9M, peak: 9M
current process commit charge ("private bytes"): 47M, peak: 109M

vm_info: Java HotSpot(TM) 64-Bit Server VM (13.0.2+8) for windows-amd64 JRE (13.0.2+8), built on Dec 11 2019 09:20:33 by "mach5one" with unknown MS VC++:1916

END.
