#
# There is insufficient memory for the Java Runtime Environment to continue.
# Native memory allocation (malloc) failed to allocate 238576 bytes for Chunk::new
# Possible reasons:
#   The system is out of physical RAM or swap space
#   The process is running with CompressedOops enabled, and the Java Heap may be blocking the growth of the native heap
# Possible solutions:
#   Reduce memory load on the system
#   Increase physical memory or swap space
#   Check if swap backing store is full
#   Decrease Java heap size (-Xmx/-Xms)
#   Decrease number of Java threads
#   Decrease Java thread stack sizes (-Xss)
#   Set larger code cache with -XX:ReservedCodeCacheSize=
#   JVM is running with Unscaled Compressed Oops mode in which the Java heap is
#     placed in the first 4GB address space. The Java Heap base address is the
#     maximum limit for the native heap growth. Please use -XX:HeapBaseMinAddress
#     to set the Java Heap base and to place the Java Heap above 4GB virtual address.
# This output file may be truncated or incomplete.
#
#  Out of Memory Error (t:/workspace/open/src/hotspot/share/memory/arena.cpp:196), pid=1624, tid=17520
#
# JRE version: Java(TM) SE Runtime Environment (13.0.2+8) (build 13.0.2+8)
# Java VM: Java HotSpot(TM) 64-Bit Server VM (13.0.2+8, mixed mode, sharing, tiered, compressed oops, g1 gc, windows-amd64)
# No core dump will be written. Minidumps are not enabled by default on client versions of Windows
#

---------------  S U M M A R Y ------------

Command Line: -Dfile.encoding=Cp1252 salesforce.CreateAccounts

Host: AMD PRO A4-4350B R4, 5 COMPUTE CORES 2C+3G     , 2 cores, 3G,  Windows 10 , 64 bit Build 18362 (10.0.18362.1110)
Time: Sun Jan  3 02:20:53 2021 India Standard Time elapsed time: 5 seconds (0d 0h 0m 5s)

---------------  T H R E A D  ---------------

Current thread (0x000001d5ffabd000):  JavaThread "C2 CompilerThread0" daemon [_thread_in_native, id=17520, stack(0x000000aa48d00000,0x000000aa48e00000)]


Current CompileTask:
C2:   5334 1385       4       java.util.jar.JarFile::getEntry (22 bytes)

Stack: [0x000000aa48d00000,0x000000aa48e00000]
Native frames: (J=compiled Java code, j=interpreted, Vv=VM code, C=native code)
V  [jvm.dll+0x624f9a]
V  [jvm.dll+0x770cfa]
V  [jvm.dll+0x7724af]
V  [jvm.dll+0x772ab3]
V  [jvm.dll+0x24bf08]
V  [jvm.dll+0xc1e47]
V  [jvm.dll+0xc23cc]
V  [jvm.dll+0x35c0c5]
V  [jvm.dll+0x327803]
V  [jvm.dll+0x326bda]
V  [jvm.dll+0x205c27]
V  [jvm.dll+0x204e3f]
V  [jvm.dll+0x189c2c]
V  [jvm.dll+0x213e6d]
V  [jvm.dll+0x2120bb]
V  [jvm.dll+0x736bb6]
V  [jvm.dll+0x72fcaa]
V  [jvm.dll+0x623ea6]
C  [ucrtbase.dll+0x210b2]
C  [KERNEL32.DLL+0x17c24]
C  [ntdll.dll+0x6d4d1]


---------------  P R O C E S S  ---------------

Threads class SMR info:
_java_thread_list=0x000001d5847ab080, length=11, elements={
0x000001d5e4fe9800, 0x000001d5ffa9b800, 0x000001d5ffa9f800, 0x000001d5ffab8800,
0x000001d5ffabc000, 0x000001d5ffabd000, 0x000001d5ffb29800, 0x000001d5ffb31000,
0x000001d583853000, 0x000001d583862000, 0x000001d58429c000
}

Java Threads: ( => current thread )
  0x000001d5e4fe9800 JavaThread "main" [_thread_in_native, id=8388, stack(0x000000aa48200000,0x000000aa48300000)]
  0x000001d5ffa9b800 JavaThread "Reference Handler" daemon [_thread_blocked, id=13472, stack(0x000000aa48900000,0x000000aa48a00000)]
  0x000001d5ffa9f800 JavaThread "Finalizer" daemon [_thread_blocked, id=16388, stack(0x000000aa48a00000,0x000000aa48b00000)]
  0x000001d5ffab8800 JavaThread "Signal Dispatcher" daemon [_thread_blocked, id=12680, stack(0x000000aa48b00000,0x000000aa48c00000)]
  0x000001d5ffabc000 JavaThread "Attach Listener" daemon [_thread_blocked, id=8680, stack(0x000000aa48c00000,0x000000aa48d00000)]
=>0x000001d5ffabd000 JavaThread "C2 CompilerThread0" daemon [_thread_in_native, id=17520, stack(0x000000aa48d00000,0x000000aa48e00000)]
  0x000001d5ffb29800 JavaThread "C1 CompilerThread0" daemon [_thread_blocked, id=10220, stack(0x000000aa48e00000,0x000000aa48f00000)]
  0x000001d5ffb31000 JavaThread "Sweeper thread" daemon [_thread_blocked, id=15344, stack(0x000000aa48f00000,0x000000aa49000000)]
  0x000001d583853000 JavaThread "Service Thread" daemon [_thread_blocked, id=17300, stack(0x000000aa49000000,0x000000aa49100000)]
  0x000001d583862000 JavaThread "Common-Cleaner" daemon [_thread_blocked, id=15944, stack(0x000000aa49200000,0x000000aa49300000)]
  0x000001d58429c000 JavaThread "ForkJoinPool.commonPool-worker-3" daemon [_thread_blocked, id=17692, stack(0x000000aa49400000,0x000000aa49500000)]

Other Threads:
  0x000001d5ffa93800 VMThread "VM Thread" [stack: 0x000000aa48800000,0x000000aa48900000] [id=9160]
  0x000001d583858800 WatcherThread [stack: 0x000000aa49100000,0x000000aa49200000] [id=15800]
  0x000001d5e5019000 GCTaskThread "GC Thread#0" [stack: 0x000000aa48300000,0x000000aa48400000] [id=11940]
  0x000001d583b80000 GCTaskThread "GC Thread#1" [stack: 0x000000aa49300000,0x000000aa49400000] [id=4236]
  0x000001d5e5022800 ConcurrentGCThread "G1 Main Marker" [stack: 0x000000aa48400000,0x000000aa48500000] [id=15100]
  0x000001d5e5024800 ConcurrentGCThread "G1 Conc#0" [stack: 0x000000aa48500000,0x000000aa48600000] [id=5904]
  0x000001d5e5061000 ConcurrentGCThread "G1 Refine#0" [stack: 0x000000aa48600000,0x000000aa48700000] [id=12228]
  0x000001d5e5065000 ConcurrentGCThread "G1 Young RemSet Sampling" [stack: 0x000000aa48700000,0x000000aa48800000] [id=7684]

Threads with active compile tasks:
C2 CompilerThread0     5495 1385       4       java.util.jar.JarFile::getEntry (22 bytes)

VM state:not at safepoint (normal execution)

VM Mutex/Monitor currently owned by a thread: None

Heap address: 0x00000000c2800000, size: 984 MB, Compressed Oops mode: 32-bit
Narrow klass base: 0x0000000800000000, Narrow klass shift: 3
Compressed class space size: 1073741824 Address: 0x0000000800b40000

Heap:
 garbage-first heap   total 63488K, used 28558K [0x00000000c2800000, 0x0000000100000000)
  region size 1024K, 21 young (21504K), 2 survivors (2048K)
 Metaspace       used 9311K, capacity 9539K, committed 9728K, reserved 1058816K
  class space    used 917K, capacity 1014K, committed 1024K, reserved 1048576K
Heap Regions: E=young(eden), S=young(survivor), O=old, HS=humongous(starts), HC=humongous(continues), CS=collection set, F=free, A=archive, TAMS=top-at-mark-start (previous, next)
|   0|0x00000000c2800000, 0x00000000c2900000, 0x00000000c2900000|100%|HS|  |TAMS 0x00000000c2800000, 0x00000000c2800000| Complete 
|   1|0x00000000c2900000, 0x00000000c2a00000, 0x00000000c2a00000|100%| O|  |TAMS 0x00000000c2900000, 0x00000000c2900000| Untracked 
|   2|0x00000000c2a00000, 0x00000000c2b00000, 0x00000000c2b00000|100%| O|  |TAMS 0x00000000c2a00000, 0x00000000c2a00000| Untracked 
|   3|0x00000000c2b00000, 0x00000000c2c00000, 0x00000000c2c00000|100%| O|  |TAMS 0x00000000c2b00000, 0x00000000c2b00000| Untracked 
|   4|0x00000000c2c00000, 0x00000000c2d00000, 0x00000000c2d00000|100%| O|  |TAMS 0x00000000c2c00000, 0x00000000c2c00000| Untracked 
|   5|0x00000000c2d00000, 0x00000000c2e00000, 0x00000000c2e00000|100%| O|  |TAMS 0x00000000c2d00000, 0x00000000c2d00000| Untracked 
|   6|0x00000000c2e00000, 0x00000000c2f00000, 0x00000000c2f00000|100%| O|  |TAMS 0x00000000c2e00000, 0x00000000c2e00000| Untracked 
|   7|0x00000000c2f00000, 0x00000000c2f66400, 0x00000000c3000000| 39%| O|  |TAMS 0x00000000c2f00000, 0x00000000c2f00000| Untracked 
|   8|0x00000000c3000000, 0x00000000c3100000, 0x00000000c3100000|100%|HS|  |TAMS 0x00000000c3000000, 0x00000000c3000000| Complete 
|   9|0x00000000c3100000, 0x00000000c3100000, 0x00000000c3200000|  0%| F|  |TAMS 0x00000000c3100000, 0x00000000c3100000| Untracked 
|  10|0x00000000c3200000, 0x00000000c3200000, 0x00000000c3300000|  0%| F|  |TAMS 0x00000000c3200000, 0x00000000c3200000| Untracked 
|  11|0x00000000c3300000, 0x00000000c3300000, 0x00000000c3400000|  0%| F|  |TAMS 0x00000000c3300000, 0x00000000c3300000| Untracked 
|  12|0x00000000c3400000, 0x00000000c3400000, 0x00000000c3500000|  0%| F|  |TAMS 0x00000000c3400000, 0x00000000c3400000| Untracked 
|  13|0x00000000c3500000, 0x00000000c3500000, 0x00000000c3600000|  0%| F|  |TAMS 0x00000000c3500000, 0x00000000c3500000| Untracked 
|  14|0x00000000c3600000, 0x00000000c3600000, 0x00000000c3700000|  0%| F|  |TAMS 0x00000000c3600000, 0x00000000c3600000| Untracked 
|  15|0x00000000c3700000, 0x00000000c3700000, 0x00000000c3800000|  0%| F|  |TAMS 0x00000000c3700000, 0x00000000c3700000| Untracked 
|  16|0x00000000c3800000, 0x00000000c3800000, 0x00000000c3900000|  0%| F|  |TAMS 0x00000000c3800000, 0x00000000c3800000| Untracked 
|  17|0x00000000c3900000, 0x00000000c3900000, 0x00000000c3a00000|  0%| F|  |TAMS 0x00000000c3900000, 0x00000000c3900000| Untracked 
|  18|0x00000000c3a00000, 0x00000000c3a00000, 0x00000000c3b00000|  0%| F|  |TAMS 0x00000000c3a00000, 0x00000000c3a00000| Untracked 
|  19|0x00000000c3b00000, 0x00000000c3b00000, 0x00000000c3c00000|  0%| F|  |TAMS 0x00000000c3b00000, 0x00000000c3b00000| Untracked 
|  20|0x00000000c3c00000, 0x00000000c3c00000, 0x00000000c3d00000|  0%| F|  |TAMS 0x00000000c3c00000, 0x00000000c3c00000| Untracked 
|  21|0x00000000c3d00000, 0x00000000c3d00000, 0x00000000c3e00000|  0%| F|  |TAMS 0x00000000c3d00000, 0x00000000c3d00000| Untracked 
|  22|0x00000000c3e00000, 0x00000000c3e00000, 0x00000000c3f00000|  0%| F|  |TAMS 0x00000000c3e00000, 0x00000000c3e00000| Untracked 
|  23|0x00000000c3f00000, 0x00000000c3f00000, 0x00000000c4000000|  0%| F|  |TAMS 0x00000000c3f00000, 0x00000000c3f00000| Untracked 
|  24|0x00000000c4000000, 0x00000000c4000000, 0x00000000c4100000|  0%| F|  |TAMS 0x00000000c4000000, 0x00000000c4000000| Untracked 
|  25|0x00000000c4100000, 0x00000000c4100000, 0x00000000c4200000|  0%| F|  |TAMS 0x00000000c4100000, 0x00000000c4100000| Untracked 
|  26|0x00000000c4200000, 0x00000000c4200000, 0x00000000c4300000|  0%| F|  |TAMS 0x00000000c4200000, 0x00000000c4200000| Untracked 
|  27|0x00000000c4300000, 0x00000000c4300000, 0x00000000c4400000|  0%| F|  |TAMS 0x00000000c4300000, 0x00000000c4300000| Untracked 
|  28|0x00000000c4400000, 0x00000000c4400000, 0x00000000c4500000|  0%| F|  |TAMS 0x00000000c4400000, 0x00000000c4400000| Untracked 
|  29|0x00000000c4500000, 0x00000000c4500000, 0x00000000c4600000|  0%| F|  |TAMS 0x00000000c4500000, 0x00000000c4500000| Untracked 
|  30|0x00000000c4600000, 0x00000000c4600000, 0x00000000c4700000|  0%| F|  |TAMS 0x00000000c4600000, 0x00000000c4600000| Untracked 
|  31|0x00000000c4700000, 0x00000000c4700000, 0x00000000c4800000|  0%| F|  |TAMS 0x00000000c4700000, 0x00000000c4700000| Untracked 
|  32|0x00000000c4800000, 0x00000000c4800000, 0x00000000c4900000|  0%| F|  |TAMS 0x00000000c4800000, 0x00000000c4800000| Untracked 
|  33|0x00000000c4900000, 0x00000000c4900000, 0x00000000c4a00000|  0%| F|  |TAMS 0x00000000c4900000, 0x00000000c4900000| Untracked 
|  34|0x00000000c4a00000, 0x00000000c4a00000, 0x00000000c4b00000|  0%| F|  |TAMS 0x00000000c4a00000, 0x00000000c4a00000| Untracked 
|  35|0x00000000c4b00000, 0x00000000c4b00000, 0x00000000c4c00000|  0%| F|  |TAMS 0x00000000c4b00000, 0x00000000c4b00000| Untracked 
|  36|0x00000000c4c00000, 0x00000000c4c00000, 0x00000000c4d00000|  0%| F|  |TAMS 0x00000000c4c00000, 0x00000000c4c00000| Untracked 
|  37|0x00000000c4d00000, 0x00000000c4d00000, 0x00000000c4e00000|  0%| F|  |TAMS 0x00000000c4d00000, 0x00000000c4d00000| Untracked 
|  38|0x00000000c4e00000, 0x00000000c4e00000, 0x00000000c4f00000|  0%| F|  |TAMS 0x00000000c4e00000, 0x00000000c4e00000| Untracked 
|  39|0x00000000c4f00000, 0x00000000c4f00000, 0x00000000c5000000|  0%| F|  |TAMS 0x00000000c4f00000, 0x00000000c4f00000| Untracked 
|  40|0x00000000c5000000, 0x00000000c5000000, 0x00000000c5100000|  0%| F|  |TAMS 0x00000000c5000000, 0x00000000c5000000| Untracked 
|  41|0x00000000c5100000, 0x00000000c5160ec8, 0x00000000c5200000| 37%| E|  |TAMS 0x00000000c5100000, 0x00000000c5100000| Complete 
|  42|0x00000000c5200000, 0x00000000c5300000, 0x00000000c5300000|100%| E|CS|TAMS 0x00000000c5200000, 0x00000000c5200000| Complete 
|  43|0x00000000c5300000, 0x00000000c5400000, 0x00000000c5400000|100%| E|CS|TAMS 0x00000000c5300000, 0x00000000c5300000| Complete 
|  44|0x00000000c5400000, 0x00000000c547d520, 0x00000000c5500000| 48%| S|CS|TAMS 0x00000000c5400000, 0x00000000c5400000| Complete 
|  45|0x00000000c5500000, 0x00000000c5600000, 0x00000000c5600000|100%| S|CS|TAMS 0x00000000c5500000, 0x00000000c5500000| Complete 
|  46|0x00000000c5600000, 0x00000000c5700000, 0x00000000c5700000|100%| E|CS|TAMS 0x00000000c5600000, 0x00000000c5600000| Complete 
|  47|0x00000000c5700000, 0x00000000c5800000, 0x00000000c5800000|100%| E|CS|TAMS 0x00000000c5700000, 0x00000000c5700000| Complete 
|  48|0x00000000c5800000, 0x00000000c5900000, 0x00000000c5900000|100%| E|CS|TAMS 0x00000000c5800000, 0x00000000c5800000| Complete 
|  49|0x00000000c5900000, 0x00000000c5a00000, 0x00000000c5a00000|100%| E|CS|TAMS 0x00000000c5900000, 0x00000000c5900000| Complete 
|  50|0x00000000c5a00000, 0x00000000c5b00000, 0x00000000c5b00000|100%| E|CS|TAMS 0x00000000c5a00000, 0x00000000c5a00000| Complete 
|  51|0x00000000c5b00000, 0x00000000c5c00000, 0x00000000c5c00000|100%| E|CS|TAMS 0x00000000c5b00000, 0x00000000c5b00000| Complete 
|  52|0x00000000c5c00000, 0x00000000c5d00000, 0x00000000c5d00000|100%| E|CS|TAMS 0x00000000c5c00000, 0x00000000c5c00000| Complete 
|  53|0x00000000c5d00000, 0x00000000c5e00000, 0x00000000c5e00000|100%| E|CS|TAMS 0x00000000c5d00000, 0x00000000c5d00000| Complete 
|  54|0x00000000c5e00000, 0x00000000c5f00000, 0x00000000c5f00000|100%| E|CS|TAMS 0x00000000c5e00000, 0x00000000c5e00000| Complete 
|  55|0x00000000c5f00000, 0x00000000c6000000, 0x00000000c6000000|100%| E|CS|TAMS 0x00000000c5f00000, 0x00000000c5f00000| Complete 
|  56|0x00000000c6000000, 0x00000000c6100000, 0x00000000c6100000|100%| E|CS|TAMS 0x00000000c6000000, 0x00000000c6000000| Complete 
|  57|0x00000000c6100000, 0x00000000c6200000, 0x00000000c6200000|100%| E|CS|TAMS 0x00000000c6100000, 0x00000000c6100000| Complete 
|  58|0x00000000c6200000, 0x00000000c6300000, 0x00000000c6300000|100%| E|CS|TAMS 0x00000000c6200000, 0x00000000c6200000| Complete 
|  59|0x00000000c6300000, 0x00000000c6400000, 0x00000000c6400000|100%| E|CS|TAMS 0x00000000c6300000, 0x00000000c6300000| Complete 
|  60|0x00000000c6400000, 0x00000000c6500000, 0x00000000c6500000|100%| E|CS|TAMS 0x00000000c6400000, 0x00000000c6400000| Complete 
|  61|0x00000000c6500000, 0x00000000c6600000, 0x00000000c6600000|100%| E|CS|TAMS 0x00000000c6500000, 0x00000000c6500000| Complete 

Card table byte_map: [0x000001d5fe3c0000,0x000001d5fe5b0000] _byte_map_base: 0x000001d5fddac000

Marking Bits (Prev, Next): (CMBitMap*) 0x000001d5e5019f88, (CMBitMap*) 0x000001d5e5019fc8
 Prev Bits: [0x000001d5fe7a0000, 0x000001d5ff700000)
 Next Bits: [0x000001d580000000, 0x000001d580f60000)

Polling page: 0x000001d5e4db0000

Metaspace:

Usage:
  Non-class:      8.33 MB capacity,     8.20 MB ( 98%) used,   116.58 KB (  1%) free+waste,    14.75 KB ( <1%) overhead. 
      Class:   1014.00 KB capacity,   917.92 KB ( 91%) used,    88.39 KB (  9%) free+waste,     7.69 KB ( <1%) overhead. 
       Both:      9.32 MB capacity,     9.09 MB ( 98%) used,   204.97 KB (  2%) free+waste,    22.44 KB ( <1%) overhead. 

Virtual space:
  Non-class space:       10.00 MB reserved,       8.50 MB ( 85%) committed 
      Class space:        1.00 GB reserved,       1.00 MB ( <1%) committed 
             Both:        1.01 GB reserved,       9.50 MB ( <1%) committed 

Chunk freelists:
   Non-Class:  51.00 KB
       Class:  10.00 KB
        Both:  61.00 KB

MaxMetaspaceSize: 17179869184.00 GB
CompressedClassSpaceSize: 1.00 GB

CodeHeap 'non-profiled nmethods': size=120064Kb used=499Kb max_used=499Kb free=119564Kb
 bounds [0x000001d5f6750000, 0x000001d5f69c0000, 0x000001d5fdc90000]
CodeHeap 'profiled nmethods': size=120000Kb used=3182Kb max_used=3182Kb free=116818Kb
 bounds [0x000001d5ef220000, 0x000001d5ef540000, 0x000001d5f6750000]
CodeHeap 'non-nmethods': size=5696Kb used=1208Kb max_used=1221Kb free=4487Kb
 bounds [0x000001d5eec90000, 0x000001d5eef00000, 0x000001d5ef220000]
 total_blobs=2477 nmethods=1393 adapters=377
 compilation: enabled
              stopped_count=0, restarted_count=0
 full_count=0

Compilation events (20 events):
Event: 5.195 Thread 0x000001d5ffb29800 nmethod 1376 0x000001d5ef534810 code [0x000001d5ef534ae0, 0x000001d5ef535a40]
Event: 5.199 Thread 0x000001d5ffb29800 1377       1       java.util.logging.LogManager$LoggerContext::getOwner (5 bytes)
Event: 5.199 Thread 0x000001d5ffb29800 nmethod 1377 0x000001d5f67cb310 code [0x000001d5f67cb4a0, 0x000001d5f67cb5d8]
Event: 5.199 Thread 0x000001d5ffabd000 1379       4       java.util.ArrayList::add (25 bytes)
Event: 5.199 Thread 0x000001d5ffb29800 1378       3       java.lang.invoke.Invokers$Holder::linkToTargetMethod (9 bytes)
Event: 5.200 Thread 0x000001d5ffb29800 nmethod 1378 0x000001d5ef536010 code [0x000001d5ef5361e0, 0x000001d5ef536660]
Event: 5.200 Thread 0x000001d5ffb29800 1380       3       java.lang.System::checkKey (32 bytes)
Event: 5.200 Thread 0x000001d5ffb29800 nmethod 1380 0x000001d5ef536710 code [0x000001d5ef536900, 0x000001d5ef536d40]
Event: 5.203 Thread 0x000001d5ffabd000 nmethod 1379 0x000001d5f67cb690 code [0x000001d5f67cb820, 0x000001d5f67cba28]
Event: 5.207 Thread 0x000001d5ffb29800 1381       3       java.lang.Integer::toHexString (6 bytes)
Event: 5.208 Thread 0x000001d5ffb29800 nmethod 1381 0x000001d5ef536e90 code [0x000001d5ef537040, 0x000001d5ef5371b0]
Event: 5.208 Thread 0x000001d5ffb29800 1382       3       java.lang.Integer::toUnsignedString0 (78 bytes)
Event: 5.208 Thread 0x000001d5ffb29800 nmethod 1382 0x000001d5ef537290 code [0x000001d5ef537480, 0x000001d5ef537960]
Event: 5.209 Thread 0x000001d5ffabd000 1383 %     4       java.util.Arrays::fill @ 5 (21 bytes)
Event: 5.218 Thread 0x000001d5ffabd000 nmethod 1383% 0x000001d5f67cbb90 code [0x000001d5f67cbd20, 0x000001d5f67cbf78]
Event: 5.228 Thread 0x000001d5ffabd000 1384       4       java.lang.String::replace (42 bytes)
Event: 5.246 Thread 0x000001d5ffabd000 nmethod 1384 0x000001d5f67cc090 code [0x000001d5f67cc240, 0x000001d5f67cc858]
Event: 5.246 Thread 0x000001d5ffabd000 1385       4       java.util.jar.JarFile::getEntry (22 bytes)
Event: 5.283 Thread 0x000001d5ffb29800 1386       3       jdk.internal.reflect.MagicAccessorImpl::<init> (5 bytes)
Event: 5.283 Thread 0x000001d5ffb29800 nmethod 1386 0x000001d5ef537b10 code [0x000001d5ef537cc0, 0x000001d5ef537e98]

GC Heap History (8 events):
Event: 1.067 GC heap before
{Heap before GC invocations=0 (full 0):
 garbage-first heap   total 63488K, used 7168K [0x00000000c2800000, 0x0000000100000000)
  region size 1024K, 7 young (7168K), 0 survivors (0K)
 Metaspace       used 736K, capacity 4656K, committed 4864K, reserved 1056768K
  class space    used 44K, capacity 424K, committed 512K, reserved 1048576K
}
Event: 1.088 GC heap after
{Heap after GC invocations=1 (full 0):
 garbage-first heap   total 63488K, used 5246K [0x00000000c2800000, 0x0000000100000000)
  region size 1024K, 1 young (1024K), 1 survivors (1024K)
 Metaspace       used 736K, capacity 4656K, committed 4864K, reserved 1056768K
  class space    used 44K, capacity 424K, committed 512K, reserved 1048576K
}
Event: 1.918 GC heap before
{Heap before GC invocations=1 (full 0):
 garbage-first heap   total 63488K, used 8318K [0x00000000c2800000, 0x0000000100000000)
  region size 1024K, 4 young (4096K), 1 survivors (1024K)
 Metaspace       used 1415K, capacity 4821K, committed 5120K, reserved 1056768K
  class space    used 107K, capacity 438K, committed 512K, reserved 1048576K
}
Event: 1.923 GC heap after
{Heap after GC invocations=2 (full 0):
 garbage-first heap   total 63488K, used 6153K [0x00000000c2800000, 0x0000000100000000)
  region size 1024K, 1 young (1024K), 1 survivors (1024K)
 Metaspace       used 1415K, capacity 4821K, committed 5120K, reserved 1056768K
  class space    used 107K, capacity 438K, committed 512K, reserved 1048576K
}
Event: 3.606 GC heap before
{Heap before GC invocations=2 (full 0):
 garbage-first heap   total 63488K, used 16393K [0x00000000c2800000, 0x0000000100000000)
  region size 1024K, 11 young (11264K), 1 survivors (1024K)
 Metaspace       used 4304K, capacity 5257K, committed 5504K, reserved 1056768K
  class space    used 422K, capacity 543K, committed 640K, reserved 1048576K
}
Event: 3.614 GC heap after
{Heap after GC invocations=3 (full 0):
 garbage-first heap   total 63488K, used 7602K [0x00000000c2800000, 0x0000000100000000)
  region size 1024K, 2 young (2048K), 2 survivors (2048K)
 Metaspace       used 4304K, capacity 5257K, committed 5504K, reserved 1056768K
  class space    used 422K, capacity 543K, committed 640K, reserved 1048576K
}
Event: 4.262 GC heap before
{Heap before GC invocations=3 (full 0):
 garbage-first heap   total 63488K, used 21938K [0x00000000c2800000, 0x0000000100000000)
  region size 1024K, 16 young (16384K), 2 survivors (2048K)
 Metaspace       used 5797K, capacity 6173K, committed 6400K, reserved 1056768K
  class space    used 584K, capacity 658K, committed 768K, reserved 1048576K
}
Event: 4.275 GC heap after
{Heap after GC invocations=4 (full 0):
 garbage-first heap   total 63488K, used 9102K [0x00000000c2800000, 0x0000000100000000)
  region size 1024K, 2 young (2048K), 2 survivors (2048K)
 Metaspace       used 5797K, capacity 6173K, committed 6400K, reserved 1056768K
  class space    used 584K, capacity 658K, committed 768K, reserved 1048576K
}

Deoptimization events (20 events):
Event: 5.061 Thread 0x000001d58429c000 Uncommon trap: trap_request=0xffffffc6 fr.pc=0x000001d5f679a58c relative=0x000000000000024c
Event: 5.061 Thread 0x000001d58429c000 Uncommon trap: reason=bimorphic_or_optimized_type_check action=maybe_recompile pc=0x000001d5f679a58c method=java.util.HashMap.getNode(ILjava/lang/Object;)Ljava/util/HashMap$Node; @ 126 c2
Event: 5.061 Thread 0x000001d58429c000 DEOPT PACKING pc=0x000001d5f679a58c sp=0x000000aa494fd860
Event: 5.061 Thread 0x000001d58429c000 DEOPT UNPACKING pc=0x000001d5eecd942f sp=0x000000aa494fd7e0 mode 2
Event: 5.062 Thread 0x000001d58429c000 Uncommon trap: trap_request=0xffffff45 fr.pc=0x000001d5f679a574 relative=0x0000000000000234
Event: 5.062 Thread 0x000001d58429c000 Uncommon trap: reason=unstable_if action=reinterpret pc=0x000001d5f679a574 method=java.util.HashMap.getNode(ILjava/lang/Object;)Ljava/util/HashMap$Node; @ 62 c2
Event: 5.062 Thread 0x000001d58429c000 DEOPT PACKING pc=0x000001d5f679a574 sp=0x000000aa494fd940
Event: 5.062 Thread 0x000001d58429c000 DEOPT UNPACKING pc=0x000001d5eecd942f sp=0x000000aa494fd8c8 mode 2
Event: 5.062 Thread 0x000001d58429c000 Uncommon trap: trap_request=0xffffffde fr.pc=0x000001d5f6798ba0 relative=0x00000000000009e0
Event: 5.062 Thread 0x000001d58429c000 Uncommon trap: reason=class_check action=maybe_recompile pc=0x000001d5f6798ba0 method=java.util.HashMap.putVal(ILjava/lang/Object;Ljava/lang/Object;ZZ)Ljava/lang/Object; @ 91 c2
Event: 5.062 Thread 0x000001d58429c000 DEOPT PACKING pc=0x000001d5f6798ba0 sp=0x000000aa494fd910
Event: 5.062 Thread 0x000001d58429c000 DEOPT UNPACKING pc=0x000001d5eecd942f sp=0x000000aa494fd8b0 mode 2
Event: 5.134 Thread 0x000001d5e4fe9800 Uncommon trap: trap_request=0xffffff45 fr.pc=0x000001d5f67839a0 relative=0x0000000000000340
Event: 5.134 Thread 0x000001d5e4fe9800 Uncommon trap: reason=unstable_if action=reinterpret pc=0x000001d5f67839a0 method=java.lang.Integer.parseInt(Ljava/lang/String;I)I @ 119 c2
Event: 5.134 Thread 0x000001d5e4fe9800 DEOPT PACKING pc=0x000001d5f67839a0 sp=0x000000aa482fe8e0
Event: 5.134 Thread 0x000001d5e4fe9800 DEOPT UNPACKING pc=0x000001d5eecd942f sp=0x000000aa482fe848 mode 2
Event: 5.164 Thread 0x000001d5e4fe9800 DEOPT PACKING pc=0x000001d5ef506030 sp=0x000000aa482f9c00
Event: 5.164 Thread 0x000001d5e4fe9800 DEOPT UNPACKING pc=0x000001d5eecd994e sp=0x000000aa482f9118 mode 0
Event: 5.252 Thread 0x000001d5e4fe9800 DEOPT PACKING pc=0x000001d5ef506030 sp=0x000000aa482f9330
Event: 5.252 Thread 0x000001d5e4fe9800 DEOPT UNPACKING pc=0x000001d5eecd994e sp=0x000000aa482f8848 mode 0

Classes unloaded (0 events):
No events

Classes redefined (0 events):
No events

Internal exceptions (14 events):
Event: 1.057 Thread 0x000001d5e4fe9800 Exception <a 'java/lang/NoClassDefFoundError'{0x00000000c5fc3f10}: org/slf4j/impl/StaticLoggerBinder> (0x00000000c5fc3f10) 
thrown [t:/workspace/open/src/hotspot/share/classfile/systemDictionary.cpp, line 221]
Event: 2.577 Thread 0x000001d5e4fe9800 Exception <a 'java/lang/NoSuchMethodError'{0x00000000c5d293e8}: 'java.lang.Object java.lang.invoke.DirectMethodHandle$Holder.invokeStaticInit(java.lang.Object, int, int, int, int)'> (0x00000000c5d293e8) 
thrown [t:/workspace/open/src/hotspot/share/interpreter/linkResolver.cpp, line 767]
Event: 2.581 Thread 0x000001d5e4fe9800 Exception <a 'sun/nio/fs/WindowsException'{0x00000000c5d2eea8}> (0x00000000c5d2eea8) 
thrown [t:/workspace/open/src/hotspot/share/prims/jni.cpp, line 598]
Event: 2.584 Thread 0x000001d5e4fe9800 Exception <a 'java/lang/NoSuchMethodError'{0x00000000c5d30e08}: 'int java.lang.invoke.DirectMethodHandle$Holder.invokeSpecialIFC(java.lang.Object, java.lang.Object, int)'> (0x00000000c5d30e08) 
thrown [t:/workspace/open/src/hotspot/share/interpreter/linkResolver.cpp, line 767]
Event: 2.613 Thread 0x000001d5e4fe9800 Exception <a 'java/lang/NoSuchMethodError'{0x00000000c5d5d9c8}: 'int java.lang.invoke.DirectMethodHandle$Holder.invokeStaticInit(java.lang.Object, java.lang.Object, java.lang.Object, java.lang.Object)'> (0x00000000c5d5d9c8) 
thrown [t:/workspace/open/src/hotspot/share/interpreter/linkResolver.cpp, line 767]
Event: 2.618 Thread 0x000001d5e4fe9800 Exception <a 'java/lang/IncompatibleClassChangeError'{0x00000000c5d674a8}: Found class java.lang.Object, but interface was expected> (0x00000000c5d674a8) 
thrown [t:/workspace/open/src/hotspot/share/interpreter/linkResolver.cpp, line 833]
Event: 2.619 Thread 0x000001d5e4fe9800 Exception <a 'java/lang/NoSuchMethodError'{0x00000000c5d6a6a8}: 'void java.lang.invoke.DirectMethodHandle$Holder.invokeStaticInit(java.lang.Object, java.lang.Object)'> (0x00000000c5d6a6a8) 
thrown [t:/workspace/open/src/hotspot/share/interpreter/linkResolver.cpp, line 767]
Event: 2.622 Thread 0x000001d5e4fe9800 Exception <a 'java/lang/NoSuchMethodError'{0x00000000c5d6ff18}: 'int java.lang.invoke.DirectMethodHandle$Holder.invokeStaticInit(java.lang.Object, java.lang.Object)'> (0x00000000c5d6ff18) 
thrown [t:/workspace/open/src/hotspot/share/interpreter/linkResolver.cpp, line 767]
Event: 3.567 Thread 0x000001d5e4fe9800 Exception <a 'java/lang/NoSuchMethodError'{0x00000000c5babca8}: 'java.lang.Object java.lang.invoke.DirectMethodHandle$Holder.invokeStaticInit(java.lang.Object, java.lang.Object, int, int, int, int)'> (0x00000000c5babca8) 
thrown [t:/workspace/open/src/hotspot/share/interpreter/linkResolver.cpp, line 767]
Event: 4.076 Thread 0x000001d5e4fe9800 Exception <a 'java/lang/NoSuchMethodError'{0x00000000c5bca8c0}: 'java.lang.Object java.lang.invoke.DirectMethodHandle$Holder.invokeVirtual(java.lang.Object, java.lang.Object, java.lang.Object)'> (0x00000000c5bca8c0) 
thrown [t:/workspace/open/src/hotspot/share/interpreter/linkResolver.cpp, line 767]
Event: 4.105 Thread 0x000001d5e4fe9800 Exception <a 'java/lang/NoSuchMethodError'{0x00000000c583b0d0}: 'int java.lang.invoke.DirectMethodHandle$Holder.invokeStatic(java.lang.Object, java.lang.Object, int)'> (0x00000000c583b0d0) 
thrown [t:/workspace/open/src/hotspot/share/interpreter/linkResolver.cpp, line 767]
Event: 4.699 Thread 0x000001d5e4fe9800 Exception <a 'java/net/SocketException'{0x00000000c64616b0}: Socket is not connected: shutdown> (0x00000000c64616b0) 
thrown [t:/workspace/open/src/hotspot/share/prims/jni.cpp, line 619]
Event: 5.185 Thread 0x000001d5e4fe9800 Exception <a 'java/lang/NoClassDefFoundError'{0x00000000c5882058}: org/apache/logging/log4j/spi/ExtendedLoggerWrapper> (0x00000000c5882058) 
thrown [t:/workspace/open/src/hotspot/share/classfile/systemDictionary.cpp, line 221]
Event: 5.188 Thread 0x000001d5e4fe9800 Exception <a 'java/lang/NoClassDefFoundError'{0x00000000c58ac340}: org/apache/log4j/Priority> (0x00000000c58ac340) 
thrown [t:/workspace/open/src/hotspot/share/classfile/systemDictionary.cpp, line 221]

Events (20 events):
Event: 5.271 loading class io/netty/util/internal/shaded/org/jctools/queues/BaseLinkedQueuePad0
Event: 5.271 loading class io/netty/util/internal/shaded/org/jctools/queues/BaseLinkedQueuePad0 done
Event: 5.273 loading class io/netty/util/internal/shaded/org/jctools/queues/atomic/SpscLinkedAtomicQueue
Event: 5.273 loading class io/netty/util/internal/shaded/org/jctools/queues/atomic/SpscLinkedAtomicQueue done
Event: 5.275 loading class io/netty/util/internal/shaded/org/jctools/queues/atomic/BaseLinkedAtomicQueue
Event: 5.275 loading class io/netty/util/internal/shaded/org/jctools/queues/atomic/BaseLinkedAtomicQueue done
Event: 5.276 loading class io/netty/util/internal/shaded/org/jctools/queues/atomic/BaseLinkedAtomicQueuePad2
Event: 5.276 loading class io/netty/util/internal/shaded/org/jctools/queues/atomic/BaseLinkedAtomicQueuePad2 done
Event: 5.276 loading class io/netty/util/internal/shaded/org/jctools/queues/atomic/BaseLinkedAtomicQueueConsumerNodeRef
Event: 5.276 loading class io/netty/util/internal/shaded/org/jctools/queues/atomic/BaseLinkedAtomicQueueConsumerNodeRef done
Event: 5.277 loading class io/netty/util/internal/shaded/org/jctools/queues/atomic/BaseLinkedAtomicQueuePad1
Event: 5.277 loading class io/netty/util/internal/shaded/org/jctools/queues/atomic/BaseLinkedAtomicQueuePad1 done
Event: 5.278 loading class io/netty/util/internal/shaded/org/jctools/queues/atomic/BaseLinkedAtomicQueueProducerNodeRef
Event: 5.278 loading class io/netty/util/internal/shaded/org/jctools/queues/atomic/BaseLinkedAtomicQueueProducerNodeRef done
Event: 5.279 loading class io/netty/util/internal/shaded/org/jctools/queues/atomic/BaseLinkedAtomicQueuePad0
Event: 5.279 loading class io/netty/util/internal/shaded/org/jctools/queues/atomic/BaseLinkedAtomicQueuePad0 done
Event: 5.281 loading class io/netty/util/internal/OutOfDirectMemoryError
Event: 5.281 loading class io/netty/util/internal/OutOfDirectMemoryError done
Event: 5.284 loading class io/netty/util/internal/PlatformDependent0
Event: 5.284 loading class io/netty/util/internal/PlatformDependent0 done


Dynamic libraries:
0x00007ff75ff00000 - 0x00007ff75ff0f000 	C:\Program Files\Java\jdk-13.0.2\bin\javaw.exe
0x00007ff8d65e0000 - 0x00007ff8d67d0000 	C:\Windows\SYSTEM32\ntdll.dll
0x00007ff8d5670000 - 0x00007ff8d5722000 	C:\Windows\System32\KERNEL32.DLL
0x00007ff8d3790000 - 0x00007ff8d3a35000 	C:\Windows\System32\KERNELBASE.dll
0x00007ff8d4590000 - 0x00007ff8d468a000 	C:\Windows\System32\ucrtbase.dll
0x00007ff8cfce0000 - 0x00007ff8cfcf8000 	C:\Program Files\Java\jdk-13.0.2\bin\jli.dll
0x00007ff8d62b0000 - 0x00007ff8d6353000 	C:\Windows\System32\ADVAPI32.dll
0x00007ff8d4890000 - 0x00007ff8d492e000 	C:\Windows\System32\msvcrt.dll
0x00007ff8d6210000 - 0x00007ff8d62a7000 	C:\Windows\System32\sechost.dll
0x00007ff8d5c30000 - 0x00007ff8d5d50000 	C:\Windows\System32\RPCRT4.dll
0x00007ff8d5f60000 - 0x00007ff8d60f4000 	C:\Windows\System32\USER32.dll
0x00007ff8d3b20000 - 0x00007ff8d3b41000 	C:\Windows\System32\win32u.dll
0x00007ff8d61e0000 - 0x00007ff8d6206000 	C:\Windows\System32\GDI32.dll
0x00007ff8d3550000 - 0x00007ff8d36e6000 	C:\Windows\System32\gdi32full.dll
0x00007ff8d36f0000 - 0x00007ff8d378e000 	C:\Windows\System32\msvcp_win.dll
0x00007ff8cfd00000 - 0x00007ff8cfd15000 	C:\Program Files\Java\jdk-13.0.2\bin\VCRUNTIME140.dll
0x00007ff8c0700000 - 0x00007ff8c0984000 	C:\Windows\WinSxS\amd64_microsoft.windows.common-controls_6595b64144ccf1df_6.0.18362.1256_none_9e7e379be45e40e2\COMCTL32.dll
0x00007ff8d57c0000 - 0x00007ff8d5af6000 	C:\Windows\System32\combase.dll
0x00007ff8d3a40000 - 0x00007ff8d3ac1000 	C:\Windows\System32\bcryptPrimitives.dll
0x00007ff8cce20000 - 0x00007ff8cce2a000 	C:\Windows\SYSTEM32\VERSION.dll
0x00007ff8d5730000 - 0x00007ff8d575e000 	C:\Windows\System32\IMM32.DLL
0x00007ff8c3c20000 - 0x00007ff8c3cbb000 	C:\Program Files\Java\jdk-13.0.2\bin\msvcp140.dll
0x00007ff8989b0000 - 0x00007ff89950d000 	C:\Program Files\Java\jdk-13.0.2\bin\server\jvm.dll
0x00007ff8d6100000 - 0x00007ff8d6108000 	C:\Windows\System32\PSAPI.DLL
0x00007ff8c8eb0000 - 0x00007ff8c8eb9000 	C:\Windows\SYSTEM32\WSOCK32.dll
0x00007ff8d64b0000 - 0x00007ff8d651f000 	C:\Windows\System32\WS2_32.dll
0x00007ff8d14e0000 - 0x00007ff8d1504000 	C:\Windows\SYSTEM32\WINMM.dll
0x00007ff8d14b0000 - 0x00007ff8d14dd000 	C:\Windows\SYSTEM32\WINMMBASE.dll
0x00007ff8d4540000 - 0x00007ff8d458a000 	C:\Windows\System32\cfgmgr32.dll
0x00007ff8d34c0000 - 0x00007ff8d34d1000 	C:\Windows\System32\kernel.appcore.dll
0x00007ff8c8ea0000 - 0x00007ff8c8eb0000 	C:\Program Files\Java\jdk-13.0.2\bin\verify.dll
0x00007ff8bf9d0000 - 0x00007ff8bfbc4000 	C:\Windows\SYSTEM32\DBGHELP.DLL
0x00007ff8bf9a0000 - 0x00007ff8bf9ca000 	C:\Windows\SYSTEM32\dbgcore.DLL
0x00007ff8aed60000 - 0x00007ff8aed86000 	C:\Program Files\Java\jdk-13.0.2\bin\java.dll
0x00007ff8aed40000 - 0x00007ff8aed57000 	C:\Program Files\Java\jdk-13.0.2\bin\zip.dll
0x00007ff8c14c0000 - 0x00007ff8c14ca000 	C:\Program Files\Java\jdk-13.0.2\bin\jimage.dll
0x00007ff8d4f80000 - 0x00007ff8d5667000 	C:\Windows\System32\SHELL32.dll
0x00007ff8d5b70000 - 0x00007ff8d5c19000 	C:\Windows\System32\shcore.dll
0x00007ff8d3ca0000 - 0x00007ff8d4421000 	C:\Windows\System32\windows.storage.dll
0x00007ff8d3490000 - 0x00007ff8d34b3000 	C:\Windows\System32\profapi.dll
0x00007ff8d3500000 - 0x00007ff8d354a000 	C:\Windows\System32\powrprof.dll
0x00007ff8d3480000 - 0x00007ff8d3490000 	C:\Windows\System32\UMPDC.dll
0x00007ff8d5d50000 - 0x00007ff8d5da2000 	C:\Windows\System32\shlwapi.dll
0x00007ff8d3b00000 - 0x00007ff8d3b17000 	C:\Windows\System32\cryptsp.dll
0x00007ff8aa1a0000 - 0x00007ff8aa1b9000 	C:\Program Files\Java\jdk-13.0.2\bin\net.dll
0x00007ff8c5740000 - 0x00007ff8c5830000 	C:\Windows\SYSTEM32\WINHTTP.dll
0x00007ff8d2c70000 - 0x00007ff8d2cd7000 	C:\Windows\system32\mswsock.dll
0x00007ff8aa140000 - 0x00007ff8aa153000 	C:\Program Files\Java\jdk-13.0.2\bin\nio.dll
0x00007ff8bd2d0000 - 0x00007ff8bd2f5000 	C:\Program Files\Java\jdk-13.0.2\bin\sunec.dll
0x00007ff8d27e0000 - 0x00007ff8d2813000 	C:\Windows\system32\rsaenh.dll
0x00007ff8d3ad0000 - 0x00007ff8d3af6000 	C:\Windows\System32\bcrypt.dll
0x00007ff8d3360000 - 0x00007ff8d3385000 	C:\Windows\SYSTEM32\USERENV.dll
0x00007ff8d2ea0000 - 0x00007ff8d2eac000 	C:\Windows\SYSTEM32\CRYPTBASE.dll
0x00007ff8d2980000 - 0x00007ff8d29ba000 	C:\Windows\SYSTEM32\IPHLPAPI.DLL
0x00007ff8d6360000 - 0x00007ff8d6368000 	C:\Windows\System32\NSI.dll
0x00007ff8c5d10000 - 0x00007ff8c5d26000 	C:\Windows\SYSTEM32\dhcpcsvc6.DLL
0x00007ff8c5ff0000 - 0x00007ff8c600c000 	C:\Windows\SYSTEM32\dhcpcsvc.DLL
0x00007ff8d29c0000 - 0x00007ff8d2a8b000 	C:\Windows\SYSTEM32\DNSAPI.dll
0x00007ff8c3620000 - 0x00007ff8c362a000 	C:\Windows\System32\rasadhlp.dll
0x00007ff8c5bd0000 - 0x00007ff8c5c47000 	C:\Windows\System32\fwpuclnt.dll
0x00007ff8cfcd0000 - 0x00007ff8cfcd9000 	C:\Program Files\Java\jdk-13.0.2\bin\management.dll
0x00007ff8cfcc0000 - 0x00007ff8cfccb000 	C:\Program Files\Java\jdk-13.0.2\bin\management_ext.dll

dbghelp: loaded successfully - version: 4.0.5 - missing functions: none
symbol engine: initialized successfully - sym options: 0x614 - pdb path: .;C:\Program Files\Java\jdk-13.0.2\bin;C:\Windows\SYSTEM32;C:\Windows\WinSxS\amd64_microsoft.windows.common-controls_6595b64144ccf1df_6.0.18362.1256_none_9e7e379be45e40e2;C:\Program Files\Java\jdk-13.0.2\bin\server

VM Arguments:
jvm_args: -Dfile.encoding=Cp1252 
java_command: salesforce.CreateAccounts
java_class_path (initial): C:\Users\lenovo\eclipse-workspace\MavenProject\target\classes;C:\Java\jre1.8.0_251;C:\Users\lenovo\.m2\repository\org\seleniumhq\selenium\selenium-java\4.0.0-alpha-6\selenium-java-4.0.0-alpha-6.jar;C:\Users\lenovo\.m2\repository\org\seleniumhq\selenium\selenium-api\4.0.0-alpha-6\selenium-api-4.0.0-alpha-6.jar;C:\Users\lenovo\.m2\repository\org\seleniumhq\selenium\selenium-chrome-driver\4.0.0-alpha-6\selenium-chrome-driver-4.0.0-alpha-6.jar;C:\Users\lenovo\.m2\repository\com\google\auto\service\auto-service-annotations\1.0-rc6\auto-service-annotations-1.0-rc6.jar;C:\Users\lenovo\.m2\repository\com\google\auto\service\auto-service\1.0-rc6\auto-service-1.0-rc6.jar;C:\Users\lenovo\.m2\repository\com\google\auto\auto-common\0.10\auto-common-0.10.jar;C:\Users\lenovo\.m2\repository\com\google\guava\guava\29.0-jre\guava-29.0-jre.jar;C:\Users\lenovo\.m2\repository\com\google\guava\failureaccess\1.0.1\failureaccess-1.0.1.jar;C:\Users\lenovo\.m2\repository\com\google\guava\listenablefuture\9999.0-empty-to-avoid-conflict-with-guava\listenablefuture-9999.0-empty-to-avoid-conflict-with-guava.jar;C:\Users\lenovo\.m2\repository\com\google\code\findbugs\jsr305\3.0.2\jsr305-3.0.2.jar;C:\Users\lenovo\.m2\repository\org\checkerframework\checker-qual\2.11.1\checker-qual-2.11.1.jar;C:\Users\lenovo\.m2\repository\com\google\errorprone\error_prone_annotations\2.3.4\error_prone_annotations-2.3.4.jar;C:\Users\lenovo\.m2\repository\com\google\j2objc\j2objc-annotations\1.3\j2objc-annotations-1.3.jar;C:\Users\lenovo\.m2\repository\org\seleniumhq\selenium\selenium-chromium-driver\4.0.0-alpha-6\selenium-chromium-driver-4.0.0-alpha-6.jar;C:\Users\lenovo\.m2\repository\org\seleniumhq\selenium\selenium-devtools\4.0.0-alpha-6\selenium-devtools-4.0.0-alpha-6.jar;C:\Users\lenovo\.m2\repository\org\seleniumhq\selenium\selenium-http\4.0.0-alpha-6\selenium-http-4.0.0-alpha-6.jar;C:\Users\lenovo\.m2\repository\org\seleniumhq\selenium\selenium-json\4.0.0-alpha-6\selenium-json-4.
Launcher Type: SUN_STANDARD

[Global flags]
     intx CICompilerCount                          = 2                                         {product} {ergonomic}
     uint ConcGCThreads                            = 1                                         {product} {ergonomic}
     uint G1ConcRefinementThreads                  = 2                                         {product} {ergonomic}
   size_t G1HeapRegionSize                         = 1048576                                   {product} {ergonomic}
    uintx GCDrainStackTargetSize                   = 64                                        {product} {ergonomic}
   size_t InitialHeapSize                          = 65011712                                  {product} {ergonomic}
   size_t MarkStackSize                            = 4194304                                   {product} {ergonomic}
   size_t MaxHeapSize                              = 1031798784                                {product} {ergonomic}
   size_t MaxNewSize                               = 618659840                                 {product} {ergonomic}
   size_t MinHeapDeltaBytes                        = 1048576                                   {product} {ergonomic}
   size_t MinHeapSize                              = 8388608                                   {product} {ergonomic}
    uintx NonNMethodCodeHeapSize                   = 5826188                                {pd product} {ergonomic}
    uintx NonProfiledCodeHeapSize                  = 122916026                              {pd product} {ergonomic}
    uintx ProfiledCodeHeapSize                     = 122916026                              {pd product} {ergonomic}
    uintx ReservedCodeCacheSize                    = 251658240                              {pd product} {ergonomic}
     bool SegmentedCodeCache                       = true                                      {product} {ergonomic}
   size_t SoftMaxHeapSize                          = 1031798784                             {manageable} {ergonomic}
     bool UseCompressedClassPointers               = true                                 {lp64_product} {ergonomic}
     bool UseCompressedOops                        = true                                 {lp64_product} {ergonomic}
     bool UseG1GC                                  = true                                      {product} {ergonomic}
     bool UseLargePagesIndividualAllocation        = false                                  {pd product} {ergonomic}

Logging:
Log output configuration:
 #0: stdout all=warning uptime,level,tags
 #1: stderr all=off uptime,level,tags

Environment Variables:
PATH=C:/Program Files/Java/jdk-13.0.2/bin/server;C:/Program Files/Java/jdk-13.0.2/bin;C:\Program Files (x86)\Common Files\Oracle\Java\javapath;C:\Windows\system32;C:\Windows;C:\Windows\System32\Wbem;C:\Windows\System32\WindowsPowerShell\v1.0\;C:\Windows\System32\OpenSSH\;C:\Users\lenovo\AppData\Local\Microsoft\WindowsApps;C:\Users\lenovo\AppData\Local\GitHubDesktop\bin;C:\Users\lenovo\Desktop;
USERNAME=lenovo
OS=Windows_NT
PROCESSOR_IDENTIFIER=AMD64 Family 21 Model 112 Stepping 0, AuthenticAMD



---------------  S Y S T E M  ---------------

OS: Windows 10 , 64 bit Build 18362 (10.0.18362.1110)

CPU:total 2 (initial active 2) (2 cores per cpu, 1 threads per core) family 21 model 112 stepping 0, cmov, cx8, fxsr, mmx, sse, sse2, sse3, ssse3, sse4.1, sse4.2, popcnt, avx, avx2, aes, clmul, mmxext, 3dnowpref, lzcnt, sse4a, tsc, tscinvbit, tscinv, bmi1, bmi2, fma

Memory: 4k page, system-wide physical 3935M (515M free)
TotalPageFile size 16223M (AvailPageFile size 0M)
current process WorkingSet (physical memory assigned to process): 87M, peak: 87M
current process commit charge ("private bytes"): 153M, peak: 153M

vm_info: Java HotSpot(TM) 64-Bit Server VM (13.0.2+8) for windows-amd64 JRE (13.0.2+8), built on Dec 11 2019 09:20:33 by "mach5one" with unknown MS VC++:1916

END.
